Log file open, 02/07/22 08:38:48
LogWindows: Failed to load 'aqProf.dll' (GetLastError=126)
LogWindows: File 'aqProf.dll' does not exist
LogWindows: Failed to load 'VtuneApi.dll' (GetLastError=126)
LogWindows: File 'VtuneApi.dll' does not exist
LogWindows: Failed to load 'VtuneApi32e.dll' (GetLastError=126)
LogWindows: File 'VtuneApi32e.dll' does not exist
LogConsoleResponse: Display: Failed to find resolution value strings in scalability ini. Falling back to default.
LogConsoleResponse: Display: Failed to find resolution value strings in scalability ini. Falling back to default.
LogInit: Display: Running engine for game: CastVR
LogPlatformFile: Not using cached read wrapper
LogTaskGraph: Started task graph with 5 named threads and 23 total threads with 3 sets of task threads.
LogStats: Stats thread started at 0.421645
LogICUInternationalization: ICU TimeZone Detection - Raw Offset: +0:00, Platform Override: ''
LogInit: Display: Loading text-based GConfig....
LogPluginManager: Mounting plugin MeshPainting
LogPluginManager: Mounting plugin XGEController
LogPluginManager: Mounting plugin Paper2D
LogPluginManager: Mounting plugin AISupport
LogPluginManager: Mounting plugin EnvironmentQueryEditor
LogPluginManager: Mounting plugin LiveLink
LogPluginManager: Mounting plugin CameraShakePreviewer
LogPluginManager: Mounting plugin LightPropagationVolume
LogPluginManager: Mounting plugin GameplayCameras
LogPluginManager: Mounting plugin OodleNetwork
LogPluginManager: Mounting plugin OodleData
LogPluginManager: Mounting plugin AnimationSharing
LogPluginManager: Mounting plugin CodeLiteSourceCodeAccess
LogPluginManager: Mounting plugin CLionSourceCodeAccess
LogPluginManager: Mounting plugin GitSourceControl
LogPluginManager: Mounting plugin KDevelopSourceCodeAccess
LogPluginManager: Mounting plugin NullSourceCodeAccess
LogPluginManager: Mounting plugin PerforceSourceControl
LogPluginManager: Mounting plugin PlasticSourceControl
LogPluginManager: Mounting plugin PixWinPlugin
LogPluginManager: Mounting plugin PluginUtils
LogPluginManager: Mounting plugin PropertyAccessNode
LogPluginManager: Mounting plugin RiderSourceCodeAccess
LogPluginManager: Mounting plugin SubversionSourceControl
LogPluginManager: Mounting plugin TextureFormatOodle
LogPluginManager: Mounting plugin VisualStudioCodeSourceCodeAccess
LogPluginManager: Mounting plugin UObjectPlugin
LogPluginManager: Mounting plugin AssetManagerEditor
LogPluginManager: Mounting plugin XCodeSourceCodeAccess
LogPluginManager: Mounting plugin VisualStudioSourceCodeAccess
LogPluginManager: Mounting plugin CryptoKeys
LogPluginManager: Mounting plugin CurveEditorTools
LogPluginManager: Mounting plugin DataValidation
LogPluginManager: Mounting plugin FacialAnimation
LogPluginManager: Mounting plugin MacGraphicsSwitching
LogPluginManager: Mounting plugin GameplayTagsEditor
LogPluginManager: Mounting plugin MaterialAnalyzer
LogPluginManager: Mounting plugin GeometryMode
LogPluginManager: Mounting plugin MobileLauncherProfileWizard
LogPluginManager: Mounting plugin PluginBrowser
LogPluginManager: Mounting plugin SpeedTreeImporter
LogPluginManager: Mounting plugin DatasmithContent
LogPluginManager: Mounting plugin VariantManagerContent
LogPluginManager: Mounting plugin AlembicImporter
LogPluginManager: Mounting plugin AutomationUtils
LogPluginManager: Mounting plugin BackChannel
LogPluginManager: Mounting plugin ChaosCloth
LogPluginManager: Mounting plugin ChaosClothEditor
LogPluginManager: Mounting plugin ChaosEditor
LogPluginManager: Mounting plugin ChaosNiagara
LogPluginManager: Mounting plugin ChaosSolverPlugin
LogPluginManager: Mounting plugin CharacterAI
LogPluginManager: Mounting plugin GeometryCache
LogPluginManager: Mounting plugin GeometryCollectionPlugin
LogPluginManager: Mounting plugin Niagara
LogPluginManager: Mounting plugin GeometryProcessing
LogPluginManager: Mounting plugin MotoSynth
LogPluginManager: Mounting plugin OpenImageDenoise
LogPluginManager: Mounting plugin PlanarCut
LogPluginManager: Mounting plugin PlatformCrypto
LogPluginManager: Mounting plugin ProxyLODPlugin
LogPluginManager: Mounting plugin PythonScriptPlugin
LogPluginManager: Mounting plugin SkeletalReduction
LogPluginManager: Mounting plugin AndroidMedia
LogPluginManager: Mounting plugin AvfMedia
LogPluginManager: Mounting plugin ImgMedia
LogPluginManager: Mounting plugin MediaCompositing
LogPluginManager: Mounting plugin MediaPlayerEditor
LogPluginManager: Mounting plugin WebMMedia
LogPluginManager: Mounting plugin WmfMedia
LogPluginManager: Mounting plugin LuminPlatformFeatures
LogPluginManager: Mounting plugin MagicLeapLightEstimation
LogPluginManager: Mounting plugin MagicLeap
LogPluginManager: Mounting plugin MagicLeapMedia
LogPluginManager: Mounting plugin MagicLeapPassableWorld
LogPluginManager: Mounting plugin MLSDK
LogPluginManager: Mounting plugin UdpMessaging
LogPluginManager: Mounting plugin TcpMessaging
LogPluginManager: Mounting plugin LevelSequenceEditor
LogPluginManager: Mounting plugin MatineeToLevelSequence
LogPluginManager: Mounting plugin ActorSequence
LogPluginManager: Mounting plugin TemplateSequence
LogPluginManager: Mounting plugin OnlineSubsystem
LogPluginManager: Mounting plugin OnlineSubsystemNull
LogPluginManager: Mounting plugin OnlineSubsystemUtils
LogPluginManager: Mounting plugin LauncherChunkInstaller
LogPluginManager: Mounting plugin ActorLayerUtilities
LogPluginManager: Mounting plugin AndroidDeviceProfileSelector
LogPluginManager: Mounting plugin AndroidMoviePlayer
LogPluginManager: Mounting plugin AndroidPermission
LogPluginManager: Mounting plugin AppleImageUtils
LogPluginManager: Mounting plugin AppleMoviePlayer
LogPluginManager: Mounting plugin ArchVisCharacter
LogPluginManager: Mounting plugin AudioCapture
LogPluginManager: Mounting plugin AssetTags
LogPluginManager: Mounting plugin AudioSynesthesia
LogPluginManager: Mounting plugin CableComponent
LogPluginManager: Mounting plugin ChunkDownloader
LogPluginManager: Mounting plugin CustomMeshComponent
LogPluginManager: Mounting plugin EditableMesh
LogPluginManager: Mounting plugin ExampleDeviceProfileSelector
LogPluginManager: Mounting plugin GoogleCloudMessaging
LogPluginManager: Mounting plugin GooglePAD
LogPluginManager: Mounting plugin IOSDeviceProfileSelector
LogPluginManager: Mounting plugin LinuxDeviceProfileSelector
LogPluginManager: Mounting plugin LocationServicesBPLibrary
LogPluginManager: Mounting plugin MobilePatchingUtils
LogPluginManager: Mounting plugin OpenXR
LogPluginManager: Mounting plugin OpenXREyeTracker
LogPluginManager: Mounting plugin OpenXRHandTracking
LogPluginManager: Mounting plugin PhysXVehicles
LogPluginManager: Mounting plugin PostSplashScreen
LogPluginManager: Mounting plugin ProceduralMeshComponent
LogPluginManager: Mounting plugin PropertyAccessEditor
LogPluginManager: Mounting plugin RuntimePhysXCooking
LogPluginManager: Mounting plugin ResonanceAudio
LogPluginManager: Mounting plugin SignificanceManager
LogPluginManager: Mounting plugin SoundFields
LogPluginManager: Mounting plugin Synthesis
LogPluginManager: Mounting plugin WebMMoviePlayer
LogPluginManager: Mounting plugin WindowsMoviePlayer
LogPluginManager: Mounting plugin ScreenshotTools
LogPluginManager: Mounting plugin Takes
LogPluginManager: Mounting plugin ContentBrowserAssetDataSource
LogPluginManager: Mounting plugin ContentBrowserClassDataSource
LogPluginManager: Mounting plugin ContentBrowserFileDataSource
LogPluginManager: Mounting plugin OnlineSubsystemIOS
LogPluginManager: Mounting plugin OnlineSubsystemGooglePlay
LogPluginManager: Mounting plugin OculusOpenXR
PixWinPlugin: PIX capture plugin failed to initialize! Check that the process is launched from PIX.
LogInit: Using libcurl 7.55.1-DEV
LogInit:  - built for x86_64-pc-win32
LogInit:  - supports SSL with OpenSSL/1.1.1
LogInit:  - supports HTTP deflate (compression) using libz 1.2.8
LogInit:  - other features:
LogInit:      CURL_VERSION_SSL
LogInit:      CURL_VERSION_LIBZ
LogInit:      CURL_VERSION_IPV6
LogInit:      CURL_VERSION_ASYNCHDNS
LogInit:      CURL_VERSION_LARGEFILE
LogInit:      CURL_VERSION_IDN
LogInit:  CurlRequestOptions (configurable via config and command line):
LogInit:  - bVerifyPeer = true  - Libcurl will verify peer certificate
LogInit:  - bUseHttpProxy = false  - Libcurl will NOT use HTTP proxy
LogInit:  - bDontReuseConnections = false  - Libcurl will reuse connections
LogInit:  - MaxHostConnections = 16  - Libcurl will limit the number of connections to a host
LogInit:  - LocalHostAddr = Default
LogInit:  - BufferSize = 65536
LogOnline: OSS: Creating online subsystem instance for: NULL
LogInit: WinSock: version 1.1 (2.2), MaxSocks=32767, MaxUdp=65467
LogOnline: OSS: TryLoadSubsystemAndSetDefault: Loaded subsystem for module [NULL]
LogInit: Build: ++UE4+Release-4.27-CL-18319896
LogInit: Engine Version: 4.27.2-18319896+++UE4+Release-4.27
LogInit: Compatible Engine Version: 4.27.0-17155196+++UE4+Release-4.27
LogInit: Net CL: 17155196
LogInit: OS: Windows 10 (Release 2009) (), CPU: Intel(R) Core(TM) i5-9300H CPU @ 2.40GHz, GPU: Intel(R) UHD Graphics 630
LogInit: Compiled (64-bit): Nov 30 2021 07:12:08
LogInit: Compiled with Visual C++: 19.24.28315.00
LogInit: Build Configuration: Development
LogInit: Branch Name: ++UE4+Release-4.27
LogInit: Command Line:  -EpicPortal -epicusername=DreadedBorn -epicuserid=fa6de408a8c74707b4b1b645e7197334 -epiclocale=en -epicsandboxid=ue
LogInit: Base Directory: E:/Unreal Engines/UE_4.27/Engine/Binaries/Win64/
LogInit: Allocator: TBB
LogInit: Installed Engine Build: 1
LogDevObjectVersion: Number of dev versions registered: 29
LogDevObjectVersion:   Dev-Blueprints (B0D832E4-1F89-4F0D-ACCF-7EB736FD4AA2): 10
LogDevObjectVersion:   Dev-Build (E1C64328-A22C-4D53-A36C-8E866417BD8C): 0
LogDevObjectVersion:   Dev-Core (375EC13C-06E4-48FB-B500-84F0262A717E): 4
LogDevObjectVersion:   Dev-Editor (E4B068ED-F494-42E9-A231-DA0B2E46BB41): 40
LogDevObjectVersion:   Dev-Framework (CFFC743F-43B0-4480-9391-14DF171D2073): 37
LogDevObjectVersion:   Dev-Mobile (B02B49B5-BB20-44E9-A304-32B752E40360): 3
LogDevObjectVersion:   Dev-Networking (A4E4105C-59A1-49B5-A7C5-40C4547EDFEE): 0
LogDevObjectVersion:   Dev-Online (39C831C9-5AE6-47DC-9A44-9C173E1C8E7C): 0
LogDevObjectVersion:   Dev-Physics (78F01B33-EBEA-4F98-B9B4-84EACCB95AA2): 14
LogDevObjectVersion:   Dev-Platform (6631380F-2D4D-43E0-8009-CF276956A95A): 0
LogDevObjectVersion:   Dev-Rendering (12F88B9F-8875-4AFC-A67C-D90C383ABD29): 45
LogDevObjectVersion:   Dev-Sequencer (7B5AE74C-D270-4C10-A958-57980B212A5A): 13
LogDevObjectVersion:   Dev-VR (D7296918-1DD6-4BDD-9DE2-64A83CC13884): 3
LogDevObjectVersion:   Dev-LoadTimes (C2A15278-BFE7-4AFE-6C17-90FF531DF755): 1
LogDevObjectVersion:   Private-Geometry (6EACA3D4-40EC-4CC1-B786-8BED09428FC5): 3
LogDevObjectVersion:   Dev-AnimPhys (29E575DD-E0A3-4627-9D10-D276232CDCEA): 17
LogDevObjectVersion:   Dev-Anim (AF43A65D-7FD3-4947-9873-3E8ED9C1BB05): 15
LogDevObjectVersion:   Dev-ReflectionCapture (6B266CEC-1EC7-4B8F-A30B-E4D90942FC07): 1
LogDevObjectVersion:   Dev-Automation (0DF73D61-A23F-47EA-B727-89E90C41499A): 1
LogDevObjectVersion:   FortniteMain (601D1886-AC64-4F84-AA16-D3DE0DEAC7D6): 47
LogDevObjectVersion:   FortniteRelease (E7086368-6B23-4C58-8439-1B7016265E91): 1
LogDevObjectVersion:   Dev-Enterprise (9DFFBCD6-494F-0158-E221-12823C92A888): 10
LogDevObjectVersion:   Dev-Niagara (F2AED0AC-9AFE-416F-8664-AA7FFA26D6FC): 1
LogDevObjectVersion:   Dev-Destruction (174F1F0B-B4C6-45A5-B13F-2EE8D0FB917D): 10
LogDevObjectVersion:   Dev-Physics-Ext (35F94A83-E258-406C-A318-09F59610247C): 41
LogDevObjectVersion:   Dev-PhysicsMaterial-Chaos (B68FC16E-8B1B-42E2-B453-215C058844FE): 1
LogDevObjectVersion:   Dev-CineCamera (B2E18506-4273-CFC2-A54E-F4BB758BBA07): 1
LogDevObjectVersion:   Dev-VirtualProduction (64F58936-FD1B-42BA-BA96-7289D5D0FA4E): 1
LogDevObjectVersion:   Dev-MediaFramework (6F0ED827-A609-4895-9C91-998D90180EA4): 2
LogInit: Presizing for max 25165824 objects, including 0 objects not considered by GC, pre-allocating 0 bytes for permanent pool.
LogConfig: Applying CVar settings from Section [/Script/Engine.StreamingSettings] File [C:/Users/mario/Documents/GitHub/CastVR/Saved/Config/Windows/Engine.ini]
LogConfig: Setting CVar [[s.MinBulkDataSizeForAsyncLoading:131072]]
LogConfig: Setting CVar [[s.AsyncLoadingThreadEnabled:0]]
LogConfig: Setting CVar [[s.EventDrivenLoaderEnabled:1]]
LogConfig: Setting CVar [[s.WarnIfTimeLimitExceeded:0]]
LogConfig: Setting CVar [[s.TimeLimitExceededMultiplier:1.5]]
LogConfig: Setting CVar [[s.TimeLimitExceededMinTime:0.005]]
LogConfig: Setting CVar [[s.UseBackgroundLevelStreaming:1]]
LogConfig: Setting CVar [[s.PriorityAsyncLoadingExtraTime:15.0]]
LogConfig: Setting CVar [[s.LevelStreamingActorsUpdateTimeLimit:5.0]]
LogConfig: Setting CVar [[s.PriorityLevelStreamingActorsUpdateExtraTime:5.0]]
LogConfig: Setting CVar [[s.LevelStreamingComponentsRegistrationGranularity:10]]
LogConfig: Setting CVar [[s.UnregisterComponentsTimeLimit:1.0]]
LogConfig: Setting CVar [[s.LevelStreamingComponentsUnregistrationGranularity:5]]
LogConfig: Setting CVar [[s.FlushStreamingOnExit:1]]
LogInit: Object subsystem initialized
LogConfig: Setting CVar [[con.DebugEarlyDefault:1]]
LogConfig: Setting CVar [[r.setres:1280x720]]
[2022.02.07-08.38.49:574][  0]LogConfig: Setting CVar [[r.VSync:0]]
[2022.02.07-08.38.49:574][  0]LogConfig: Setting CVar [[r.RHICmdBypass:0]]
[2022.02.07-08.38.49:574][  0]LogConfig: Applying CVar settings from Section [/Script/Engine.RendererSettings] File [C:/Users/mario/Documents/GitHub/CastVR/Saved/Config/Windows/Engine.ini]
[2022.02.07-08.38.49:574][  0]LogConfig: Setting CVar [[r.GPUCrashDebugging:0]]
[2022.02.07-08.38.49:574][  0]LogConfig: Setting CVar [[r.Mobile.DisableVertexFog:1]]
[2022.02.07-08.38.49:574][  0]LogConfig: Setting CVar [[r.Shadow.CSM.MaxMobileCascades:2]]
[2022.02.07-08.38.49:574][  0]LogConfig: Setting CVar [[r.MobileMSAA:1]]
[2022.02.07-08.38.49:574][  0]LogConfig: Setting CVar [[r.Mobile.AllowDitheredLODTransition:0]]
[2022.02.07-08.38.49:574][  0]LogConfig: Setting CVar [[r.Mobile.AllowSoftwareOcclusion:0]]
[2022.02.07-08.38.49:574][  0]LogConfig: Setting CVar [[r.Mobile.VirtualTextures:0]]
[2022.02.07-08.38.49:574][  0]LogConfig: Setting CVar [[r.DiscardUnusedQuality:0]]
[2022.02.07-08.38.49:574][  0]LogConfig: Setting CVar [[r.AllowOcclusionQueries:0]]
[2022.02.07-08.38.49:574][  0]LogConfig: Setting CVar [[r.MinScreenRadiusForLights:0.030000]]
[2022.02.07-08.38.49:574][  0]LogConfig: Setting CVar [[r.MinScreenRadiusForDepthPrepass:0.030000]]
[2022.02.07-08.38.49:574][  0]LogConfig: Setting CVar [[r.MinScreenRadiusForCSMDepth:0.010000]]
[2022.02.07-08.38.49:574][  0]LogConfig: Setting CVar [[r.PrecomputedVisibilityWarning:0]]
[2022.02.07-08.38.49:574][  0]LogConfig: Setting CVar [[r.TextureStreaming:1]]
[2022.02.07-08.38.49:575][  0]LogConfig: Setting CVar [[Compat.UseDXT5NormalMaps:0]]
[2022.02.07-08.38.49:575][  0]LogConfig: Setting CVar [[r.VirtualTextures:0]]
[2022.02.07-08.38.49:575][  0]LogConfig: Setting CVar [[r.VT.EnableAutoImport:1]]
[2022.02.07-08.38.49:575][  0]LogConfig: Setting CVar [[r.VirtualTexturedLightmaps:0]]
[2022.02.07-08.38.49:575][  0]LogConfig: Setting CVar [[r.VT.TileSize:128]]
[2022.02.07-08.38.49:575][  0]LogConfig: Setting CVar [[r.VT.TileBorderSize:4]]
[2022.02.07-08.38.49:575][  0]LogConfig: Setting CVar [[r.vt.FeedbackFactor:16]]
[2022.02.07-08.38.49:575][  0]LogConfig: Setting CVar [[r.VT.EnableCompressZlib:1]]
[2022.02.07-08.38.49:575][  0]LogConfig: Setting CVar [[r.VT.EnableCompressCrunch:0]]
[2022.02.07-08.38.49:575][  0]LogConfig: Setting CVar [[r.ClearCoatNormal:0]]
[2022.02.07-08.38.49:575][  0]LogConfig: Setting CVar [[r.ReflectionCaptureResolution:32]]
[2022.02.07-08.38.49:575][  0]LogConfig: Setting CVar [[r.Mobile.ReflectionCaptureCompression:0]]
[2022.02.07-08.38.49:575][  0]LogConfig: Setting CVar [[r.ReflectionEnvironmentLightmapMixBasedOnRoughness:1]]
[2022.02.07-08.38.49:575][  0]LogConfig: Setting CVar [[r.ForwardShading:1]]
[2022.02.07-08.38.49:575][  0]LogConfig: Setting CVar [[r.VertexFoggingForOpaque:1]]
[2022.02.07-08.38.49:575][  0]LogConfig: Setting CVar [[r.AllowStaticLighting:1]]
[2022.02.07-08.38.49:575][  0]LogConfig: Setting CVar [[r.NormalMapsForStaticLighting:0]]
[2022.02.07-08.38.49:575][  0]LogConfig: Setting CVar [[r.GenerateMeshDistanceFields:0]]
[2022.02.07-08.38.49:575][  0]LogConfig: Setting CVar [[r.DistanceFieldBuild.EightBit:0]]
[2022.02.07-08.38.49:575][  0]LogConfig: Setting CVar [[r.GenerateLandscapeGIData:0]]
[2022.02.07-08.38.49:575][  0]LogConfig: Setting CVar [[r.DistanceFieldBuild.Compress:0]]
[2022.02.07-08.38.49:575][  0]LogConfig: Setting CVar [[r.TessellationAdaptivePixelsPerTriangle:48.000000]]
[2022.02.07-08.38.49:575][  0]LogConfig: Setting CVar [[r.SeparateTranslucency:1]]
[2022.02.07-08.38.49:575][  0]LogConfig: Setting CVar [[r.TranslucentSortPolicy:0]]
[2022.02.07-08.38.49:575][  0]LogConfig: Setting CVar [[vr.VRS.HMDFixedFoveationLevel:0]]
[2022.02.07-08.38.49:575][  0]LogConfig: Setting CVar [[r.CustomDepth:1]]
[2022.02.07-08.38.49:575][  0]LogConfig: Setting CVar [[r.CustomDepthTemporalAAJitter:1]]
[2022.02.07-08.38.49:575][  0]LogConfig: Setting CVar [[r.PostProcessing.PropagateAlpha:0]]
[2022.02.07-08.38.49:575][  0]LogConfig: Setting CVar [[r.DefaultFeature.Bloom:1]]
[2022.02.07-08.38.49:575][  0]LogConfig: Setting CVar [[r.DefaultFeature.AmbientOcclusion:1]]
[2022.02.07-08.38.49:575][  0]LogConfig: Setting CVar [[r.DefaultFeature.AmbientOcclusionStaticFraction:1]]
[2022.02.07-08.38.49:575][  0]LogConfig: Setting CVar [[r.DefaultFeature.AutoExposure:0]]
[2022.02.07-08.38.49:575][  0]LogConfig: Setting CVar [[r.DefaultFeature.AutoExposure.Method:0]]
[2022.02.07-08.38.49:575][  0]LogConfig: Setting CVar [[r.DefaultFeature.AutoExposure.Bias:1.000000]]
[2022.02.07-08.38.49:575][  0]LogConfig: Setting CVar [[r.DefaultFeature.AutoExposure.ExtendDefaultLuminanceRange:1]]
[2022.02.07-08.38.49:575][  0]LogConfig: Setting CVar [[r.UsePreExposure:1]]
[2022.02.07-08.38.49:575][  0]LogConfig: Setting CVar [[r.EyeAdaptation.EditorOnly:0]]
[2022.02.07-08.38.49:575][  0]LogConfig: Setting CVar [[r.DefaultFeature.MotionBlur:0]]
[2022.02.07-08.38.49:575][  0]LogConfig: Setting CVar [[r.DefaultFeature.LensFlare:0]]
[2022.02.07-08.38.49:575][  0]LogConfig: Setting CVar [[r.TemporalAA.Upsampling:0]]
[2022.02.07-08.38.49:575][  0]LogConfig: Setting CVar [[r.SSGI.Enable:0]]
[2022.02.07-08.38.49:575][  0]LogConfig: Setting CVar [[r.DefaultFeature.AntiAliasing:0]]
[2022.02.07-08.38.49:575][  0]LogConfig: Setting CVar [[r.DefaultFeature.LightUnits:1]]
[2022.02.07-08.38.49:575][  0]LogConfig: Setting CVar [[r.DefaultBackBufferPixelFormat:4]]
[2022.02.07-08.38.49:575][  0]LogConfig: Setting CVar [[r.Shadow.UnbuiltPreviewInGame:1]]
[2022.02.07-08.38.49:575][  0]LogConfig: Setting CVar [[r.StencilForLODDither:0]]
[2022.02.07-08.38.49:575][  0]LogConfig: Setting CVar [[r.EarlyZPass:3]]
[2022.02.07-08.38.49:575][  0]LogConfig: Setting CVar [[r.EarlyZPassOnlyMaterialMasking:0]]
[2022.02.07-08.38.49:575][  0]LogConfig: Setting CVar [[r.DBuffer:1]]
[2022.02.07-08.38.49:575][  0]LogConfig: Setting CVar [[r.ClearSceneMethod:1]]
[2022.02.07-08.38.49:575][  0]LogConfig: Setting CVar [[r.BasePassOutputsVelocity:0]]
[2022.02.07-08.38.49:575][  0]LogConfig: Setting CVar [[r.VertexDeformationOutputsVelocity:0]]
[2022.02.07-08.38.49:575][  0]LogConfig: Setting CVar [[r.SelectiveBasePassOutputs:0]]
[2022.02.07-08.38.49:575][  0]LogConfig: Setting CVar [[fx.GPUSimulationTextureSizeX:1024]]
[2022.02.07-08.38.49:575][  0]LogConfig: Setting CVar [[fx.GPUSimulationTextureSizeY:1024]]
[2022.02.07-08.38.49:575][  0]LogConfig: Setting CVar [[r.AllowGlobalClipPlane:0]]
[2022.02.07-08.38.49:575][  0]LogConfig: Setting CVar [[r.GBufferFormat:1]]
[2022.02.07-08.38.49:575][  0]LogConfig: Setting CVar [[r.MorphTarget.Mode:1]]
[2022.02.07-08.38.49:575][  0]LogConfig: Setting CVar [[vr.InstancedStereo:1]]
[2022.02.07-08.38.49:575][  0]LogConfig: Setting CVar [[r.MobileHDR:0]]
[2022.02.07-08.38.49:575][  0]LogConfig: Setting CVar [[vr.MobileMultiView:1]]
[2022.02.07-08.38.49:575][  0]LogConfig: Setting CVar [[r.Mobile.UseHWsRGBEncoding:1]]
[2022.02.07-08.38.49:575][  0]LogConfig: Setting CVar [[vr.RoundRobinOcclusion:0]]
[2022.02.07-08.38.49:575][  0]LogConfig: Setting CVar [[vr.ODSCapture:0]]
[2022.02.07-08.38.49:575][  0]LogConfig: Setting CVar [[r.MeshStreaming:0]]
[2022.02.07-08.38.49:575][  0]LogConfig: Setting CVar [[r.WireframeCullThreshold:5.000000]]
[2022.02.07-08.38.49:575][  0]LogConfig: Setting CVar [[r.RayTracing:0]]
[2022.02.07-08.38.49:575][  0]LogConfig: Setting CVar [[r.RayTracing.UseTextureLod:0]]
[2022.02.07-08.38.49:575][  0]LogConfig: Setting CVar [[r.SupportStationarySkylight:1]]
[2022.02.07-08.38.49:575][  0]LogConfig: Setting CVar [[r.SupportLowQualityLightmaps:1]]
[2022.02.07-08.38.49:575][  0]LogConfig: Setting CVar [[r.SupportPointLightWholeSceneShadows:1]]
[2022.02.07-08.38.49:575][  0]LogConfig: Setting CVar [[r.SupportAtmosphericFog:1]]
[2022.02.07-08.38.49:575][  0]LogConfig: Setting CVar [[r.SupportSkyAtmosphere:1]]
[2022.02.07-08.38.49:575][  0]LogConfig: Setting CVar [[r.SupportSkyAtmosphereAffectsHeightFog:0]]
[2022.02.07-08.38.49:575][  0]LogConfig: Setting CVar [[r.SkinCache.CompileShaders:0]]
[2022.02.07-08.38.49:575][  0]LogConfig: Setting CVar [[r.SkinCache.DefaultBehavior:1]]
[2022.02.07-08.38.49:575][  0]LogConfig: Setting CVar [[r.SkinCache.SceneMemoryLimitInMB:128.000000]]
[2022.02.07-08.38.49:576][  0]LogConfig: Setting CVar [[r.Mobile.EnableStaticAndCSMShadowReceivers:1]]
[2022.02.07-08.38.49:576][  0]LogConfig: Setting CVar [[r.Mobile.EnableMovableLightCSMShaderCulling:1]]
[2022.02.07-08.38.49:576][  0]LogConfig: Setting CVar [[r.Mobile.AllowDistanceFieldShadows:1]]
[2022.02.07-08.38.49:576][  0]LogConfig: Setting CVar [[r.Mobile.AllowMovableDirectionalLights:1]]
[2022.02.07-08.38.49:576][  0]LogConfig: Setting CVar [[r.MobileNumDynamicPointLights:4]]
[2022.02.07-08.38.49:576][  0]LogConfig: Setting CVar [[r.MobileDynamicPointLightsUseStaticBranch:1]]
[2022.02.07-08.38.49:576][  0]LogConfig: Setting CVar [[r.Mobile.EnableMovableSpotlights:0]]
[2022.02.07-08.38.49:576][  0]LogConfig: Setting CVar [[r.Mobile.EnableMovableSpotlightsShadow:0]]
[2022.02.07-08.38.49:576][  0]LogConfig: Setting CVar [[r.GPUSkin.Support16BitBoneIndex:0]]
[2022.02.07-08.38.49:576][  0]LogConfig: Setting CVar [[r.GPUSkin.Limit2BoneInfluences:0]]
[2022.02.07-08.38.49:576][  0]LogConfig: Setting CVar [[r.SupportDepthOnlyIndexBuffers:1]]
[2022.02.07-08.38.49:576][  0]LogConfig: Setting CVar [[r.SupportReversedIndexBuffers:1]]
[2022.02.07-08.38.49:576][  0]LogConfig: Setting CVar [[r.LightPropagationVolume:0]]
[2022.02.07-08.38.49:576][  0]LogConfig: Setting CVar [[r.Mobile.AmbientOcclusion:0]]
[2022.02.07-08.38.49:576][  0]LogConfig: Setting CVar [[r.GPUSkin.UnlimitedBoneInfluences:0]]
[2022.02.07-08.38.49:576][  0]LogConfig: Setting CVar [[r.GPUSkin.UnlimitedBoneInfluencesThreshold:8]]
[2022.02.07-08.38.49:576][  0]LogConfig: Setting CVar [[r.Mobile.PlanarReflectionMode:0]]
[2022.02.07-08.38.49:576][  0]LogConfig: Setting CVar [[r.Mobile.SupportsGen4TAA:0]]
[2022.02.07-08.38.49:576][  0]LogConfig: Applying CVar settings from Section [/Script/Engine.RendererOverrideSettings] File [C:/Users/mario/Documents/GitHub/CastVR/Saved/Config/Windows/Engine.ini]
[2022.02.07-08.38.49:576][  0]LogConfig: Applying CVar settings from Section [/Script/Engine.StreamingSettings] File [C:/Users/mario/Documents/GitHub/CastVR/Saved/Config/Windows/Engine.ini]
[2022.02.07-08.38.49:576][  0]LogConfig: Setting CVar [[s.MinBulkDataSizeForAsyncLoading:131072]]
[2022.02.07-08.38.49:576][  0]LogConfig: Setting CVar [[s.AsyncLoadingThreadEnabled:0]]
[2022.02.07-08.38.49:576][  0]LogConfig: Setting CVar [[s.EventDrivenLoaderEnabled:1]]
[2022.02.07-08.38.49:576][  0]LogConfig: Setting CVar [[s.WarnIfTimeLimitExceeded:0]]
[2022.02.07-08.38.49:576][  0]LogConfig: Setting CVar [[s.TimeLimitExceededMultiplier:1.5]]
[2022.02.07-08.38.49:576][  0]LogConfig: Setting CVar [[s.TimeLimitExceededMinTime:0.005]]
[2022.02.07-08.38.49:576][  0]LogConfig: Setting CVar [[s.UseBackgroundLevelStreaming:1]]
[2022.02.07-08.38.49:576][  0]LogConfig: Setting CVar [[s.PriorityAsyncLoadingExtraTime:15.0]]
[2022.02.07-08.38.49:576][  0]LogConfig: Setting CVar [[s.LevelStreamingActorsUpdateTimeLimit:5.0]]
[2022.02.07-08.38.49:576][  0]LogConfig: Setting CVar [[s.PriorityLevelStreamingActorsUpdateExtraTime:5.0]]
[2022.02.07-08.38.49:576][  0]LogConfig: Setting CVar [[s.LevelStreamingComponentsRegistrationGranularity:10]]
[2022.02.07-08.38.49:576][  0]LogConfig: Setting CVar [[s.UnregisterComponentsTimeLimit:1.0]]
[2022.02.07-08.38.49:576][  0]LogConfig: Setting CVar [[s.LevelStreamingComponentsUnregistrationGranularity:5]]
[2022.02.07-08.38.49:576][  0]LogConfig: Setting CVar [[s.FlushStreamingOnExit:1]]
[2022.02.07-08.38.49:576][  0]LogConfig: Applying CVar settings from Section [/Script/Engine.GarbageCollectionSettings] File [C:/Users/mario/Documents/GitHub/CastVR/Saved/Config/Windows/Engine.ini]
[2022.02.07-08.38.49:576][  0]LogConfig: Setting CVar [[gc.MaxObjectsNotConsideredByGC:1]]
[2022.02.07-08.38.49:576][  0]LogConfig: Setting CVar [[gc.SizeOfPermanentObjectPool:0]]
[2022.02.07-08.38.49:576][  0]LogConfig: Setting CVar [[gc.FlushStreamingOnGC:0]]
[2022.02.07-08.38.49:576][  0]LogConfig: Setting CVar [[gc.NumRetriesBeforeForcingGC:10]]
[2022.02.07-08.38.49:576][  0]LogConfig: Setting CVar [[gc.AllowParallelGC:1]]
[2022.02.07-08.38.49:576][  0]LogConfig: Setting CVar [[gc.TimeBetweenPurgingPendingKillObjects:61.1]]
[2022.02.07-08.38.49:576][  0]LogConfig: Setting CVar [[gc.MaxObjectsInEditor:25165824]]
[2022.02.07-08.38.49:576][  0]LogConfig: Setting CVar [[gc.IncrementalBeginDestroyEnabled:1]]
[2022.02.07-08.38.49:576][  0]LogConfig: Setting CVar [[gc.CreateGCClusters:1]]
[2022.02.07-08.38.49:576][  0]LogConfig: Setting CVar [[gc.MinGCClusterSize:5]]
[2022.02.07-08.38.49:576][  0]LogConfig: Setting CVar [[gc.ActorClusteringEnabled:0]]
[2022.02.07-08.38.49:576][  0]LogConfig: Setting CVar [[gc.BlueprintClusteringEnabled:0]]
[2022.02.07-08.38.49:576][  0]LogConfig: Setting CVar [[gc.UseDisregardForGCOnDedicatedServers:0]]
[2022.02.07-08.38.49:576][  0]LogConfig: Setting CVar [[gc.MultithreadedDestructionEnabled:1]]
[2022.02.07-08.38.49:576][  0]LogConfig: Applying CVar settings from Section [/Script/Engine.NetworkSettings] File [C:/Users/mario/Documents/GitHub/CastVR/Saved/Config/Windows/Engine.ini]
[2022.02.07-08.38.49:576][  0]LogConfig: Applying CVar settings from Section [/Script/UnrealEd.CookerSettings] File [C:/Users/mario/Documents/GitHub/CastVR/Saved/Config/Windows/Engine.ini]
[2022.02.07-08.38.49:585][  0]LogConfig: Applying CVar settings from Section [ViewDistanceQuality@3] File [C:/Users/mario/Documents/GitHub/CastVR/Saved/Config/Windows/Scalability.ini]
[2022.02.07-08.38.49:585][  0]LogConfig: Setting CVar [[r.SkeletalMeshLODBias:0]]
[2022.02.07-08.38.49:585][  0]LogConfig: Setting CVar [[r.ViewDistanceScale:1.0]]
[2022.02.07-08.38.49:585][  0]LogConfig: Applying CVar settings from Section [AntiAliasingQuality@3] File [C:/Users/mario/Documents/GitHub/CastVR/Saved/Config/Windows/Scalability.ini]
[2022.02.07-08.38.49:585][  0]LogConfig: Setting CVar [[r.PostProcessAAQuality:4]]
[2022.02.07-08.38.49:585][  0]LogConfig: Applying CVar settings from Section [ShadowQuality@3] File [C:/Users/mario/Documents/GitHub/CastVR/Saved/Config/Windows/Scalability.ini]
[2022.02.07-08.38.49:585][  0]LogConfig: Setting CVar [[r.LightFunctionQuality:1]]
[2022.02.07-08.38.49:585][  0]LogConfig: Setting CVar [[r.ShadowQuality:5]]
[2022.02.07-08.38.49:585][  0]LogConfig: Setting CVar [[r.Shadow.CSM.MaxCascades:10]]
[2022.02.07-08.38.49:585][  0]LogConfig: Setting CVar [[r.Shadow.MaxResolution:2048]]
[2022.02.07-08.38.49:585][  0]LogConfig: Setting CVar [[r.Shadow.MaxCSMResolution:2048]]
[2022.02.07-08.38.49:585][  0]LogConfig: Setting CVar [[r.Shadow.RadiusThreshold:0.01]]
[2022.02.07-08.38.49:585][  0]LogConfig: Setting CVar [[r.Shadow.DistanceScale:1.0]]
[2022.02.07-08.38.49:586][  0]LogConfig: Setting CVar [[r.Shadow.CSM.TransitionScale:1.0]]
[2022.02.07-08.38.49:586][  0]LogConfig: Setting CVar [[r.Shadow.PreShadowResolutionFactor:1.0]]
[2022.02.07-08.38.49:586][  0]LogConfig: Setting CVar [[r.DistanceFieldShadowing:1]]
[2022.02.07-08.38.49:586][  0]LogConfig: Setting CVar [[r.DistanceFieldAO:1]]
[2022.02.07-08.38.49:586][  0]LogConfig: Setting CVar [[r.AOQuality:2]]
[2022.02.07-08.38.49:586][  0]LogConfig: Setting CVar [[r.VolumetricFog:1]]
[2022.02.07-08.38.49:586][  0]LogConfig: Setting CVar [[r.VolumetricFog.GridPixelSize:8]]
[2022.02.07-08.38.49:586][  0]LogConfig: Setting CVar [[r.VolumetricFog.GridSizeZ:128]]
[2022.02.07-08.38.49:586][  0]LogConfig: Setting CVar [[r.VolumetricFog.HistoryMissSupersampleCount:4]]
[2022.02.07-08.38.49:586][  0]LogConfig: Setting CVar [[r.LightMaxDrawDistanceScale:1]]
[2022.02.07-08.38.49:586][  0]LogConfig: Setting CVar [[r.CapsuleShadows:1]]
[2022.02.07-08.38.49:586][  0]LogConfig: Applying CVar settings from Section [PostProcessQuality@3] File [C:/Users/mario/Documents/GitHub/CastVR/Saved/Config/Windows/Scalability.ini]
[2022.02.07-08.38.49:586][  0]LogConfig: Setting CVar [[r.MotionBlurQuality:4]]
[2022.02.07-08.38.49:586][  0]LogConfig: Setting CVar [[r.AmbientOcclusionMipLevelFactor:0.4]]
[2022.02.07-08.38.49:586][  0]LogConfig: Setting CVar [[r.AmbientOcclusionMaxQuality:100]]
[2022.02.07-08.38.49:586][  0]LogConfig: Setting CVar [[r.AmbientOcclusionLevels:-1]]
[2022.02.07-08.38.49:586][  0]LogConfig: Setting CVar [[r.AmbientOcclusionRadiusScale:1.0]]
[2022.02.07-08.38.49:586][  0]LogConfig: Setting CVar [[r.DepthOfFieldQuality:2]]
[2022.02.07-08.38.49:586][  0]LogConfig: Setting CVar [[r.RenderTargetPoolMin:400]]
[2022.02.07-08.38.49:586][  0]LogConfig: Setting CVar [[r.LensFlareQuality:2]]
[2022.02.07-08.38.49:586][  0]LogConfig: Setting CVar [[r.SceneColorFringeQuality:1]]
[2022.02.07-08.38.49:586][  0]LogConfig: Setting CVar [[r.EyeAdaptationQuality:2]]
[2022.02.07-08.38.49:586][  0]LogConfig: Setting CVar [[r.BloomQuality:5]]
[2022.02.07-08.38.49:586][  0]LogConfig: Setting CVar [[r.FastBlurThreshold:100]]
[2022.02.07-08.38.49:586][  0]LogConfig: Setting CVar [[r.Upscale.Quality:3]]
[2022.02.07-08.38.49:586][  0]LogConfig: Setting CVar [[r.Tonemapper.GrainQuantization:1]]
[2022.02.07-08.38.49:586][  0]LogConfig: Setting CVar [[r.LightShaftQuality:1]]
[2022.02.07-08.38.49:586][  0]LogConfig: Setting CVar [[r.Filter.SizeScale:1]]
[2022.02.07-08.38.49:586][  0]LogConfig: Setting CVar [[r.Tonemapper.Quality:5]]
[2022.02.07-08.38.49:586][  0]LogConfig: Setting CVar [[r.DOF.Gather.AccumulatorQuality:1        ; higher gathering accumulator quality]]
[2022.02.07-08.38.49:586][  0]LogConfig: Setting CVar [[r.DOF.Gather.PostfilterMethod:1          ; Median3x3 postfilering method]]
[2022.02.07-08.38.49:586][  0]LogConfig: Setting CVar [[r.DOF.Gather.EnableBokehSettings:0       ; no bokeh simulation when gathering]]
[2022.02.07-08.38.49:586][  0]LogConfig: Setting CVar [[r.DOF.Gather.RingCount:4                 ; medium number of samples when gathering]]
[2022.02.07-08.38.49:586][  0]LogConfig: Setting CVar [[r.DOF.Scatter.ForegroundCompositing:1    ; additive foreground scattering]]
[2022.02.07-08.38.49:586][  0]LogConfig: Setting CVar [[r.DOF.Scatter.BackgroundCompositing:2    ; additive background scattering]]
[2022.02.07-08.38.49:586][  0]LogConfig: Setting CVar [[r.DOF.Scatter.EnableBokehSettings:1      ; bokeh simulation when scattering]]
[2022.02.07-08.38.49:586][  0]LogConfig: Setting CVar [[r.DOF.Scatter.MaxSpriteRatio:0.1         ; only a maximum of 10% of scattered bokeh]]
[2022.02.07-08.38.49:586][  0]LogConfig: Setting CVar [[r.DOF.Recombine.Quality:1                ; cheap slight out of focus]]
[2022.02.07-08.38.49:586][  0]LogConfig: Setting CVar [[r.DOF.Recombine.EnableBokehSettings:0    ; no bokeh simulation on slight out of focus]]
[2022.02.07-08.38.49:586][  0]LogConfig: Setting CVar [[r.DOF.TemporalAAQuality:1                ; more stable temporal accumulation]]
[2022.02.07-08.38.49:586][  0]LogConfig: Setting CVar [[r.DOF.Kernel.MaxForegroundRadius:0.025]]
[2022.02.07-08.38.49:586][  0]LogConfig: Setting CVar [[r.DOF.Kernel.MaxBackgroundRadius:0.025]]
[2022.02.07-08.38.49:586][  0]LogConfig: Applying CVar settings from Section [TextureQuality@3] File [C:/Users/mario/Documents/GitHub/CastVR/Saved/Config/Windows/Scalability.ini]
[2022.02.07-08.38.49:586][  0]LogConfig: Setting CVar [[r.Streaming.MipBias:0]]
[2022.02.07-08.38.49:586][  0]LogConfig: Setting CVar [[r.Streaming.AmortizeCPUToGPUCopy:0]]
[2022.02.07-08.38.49:586][  0]LogConfig: Setting CVar [[r.Streaming.MaxNumTexturesToStreamPerFrame:0]]
[2022.02.07-08.38.49:586][  0]LogConfig: Setting CVar [[r.Streaming.Boost:1]]
[2022.02.07-08.38.49:586][  0]LogConfig: Setting CVar [[r.MaxAnisotropy:8]]
[2022.02.07-08.38.49:586][  0]LogConfig: Setting CVar [[r.VT.MaxAnisotropy:8]]
[2022.02.07-08.38.49:586][  0]LogConfig: Setting CVar [[r.Streaming.LimitPoolSizeToVRAM:0]]
[2022.02.07-08.38.49:586][  0]LogConfig: Setting CVar [[r.Streaming.PoolSize:1000]]
[2022.02.07-08.38.49:586][  0]LogConfig: Setting CVar [[r.Streaming.MaxEffectiveScreenSize:0]]
[2022.02.07-08.38.49:586][  0]LogConfig: Applying CVar settings from Section [EffectsQuality@3] File [C:/Users/mario/Documents/GitHub/CastVR/Saved/Config/Windows/Scalability.ini]
[2022.02.07-08.38.49:586][  0]LogConfig: Setting CVar [[r.TranslucencyLightingVolumeDim:64]]
[2022.02.07-08.38.49:586][  0]LogConfig: Setting CVar [[r.RefractionQuality:2]]
[2022.02.07-08.38.49:586][  0]LogConfig: Setting CVar [[r.SSR.Quality:3]]
[2022.02.07-08.38.49:586][  0]LogConfig: Setting CVar [[r.SSR.HalfResSceneColor:0]]
[2022.02.07-08.38.49:586][  0]LogConfig: Setting CVar [[r.SceneColorFormat:4]]
[2022.02.07-08.38.49:586][  0]LogConfig: Setting CVar [[r.DetailMode:2]]
[2022.02.07-08.38.49:586][  0]LogConfig: Setting CVar [[r.TranslucencyVolumeBlur:1]]
[2022.02.07-08.38.49:586][  0]LogConfig: Setting CVar [[r.MaterialQualityLevel:1 ; High quality]]
[2022.02.07-08.38.49:586][  0]LogConfig: Setting CVar [[r.AnisotropicMaterials:1]]
[2022.02.07-08.38.49:586][  0]LogConfig: Setting CVar [[r.SSS.Scale:1]]
[2022.02.07-08.38.49:586][  0]LogConfig: Setting CVar [[r.SSS.SampleSet:2]]
[2022.02.07-08.38.49:586][  0]LogConfig: Setting CVar [[r.SSS.Quality:1]]
[2022.02.07-08.38.49:586][  0]LogConfig: Setting CVar [[r.SSS.HalfRes:0]]
[2022.02.07-08.38.49:586][  0]LogConfig: Setting CVar [[r.SSGI.Quality:3]]
[2022.02.07-08.38.49:586][  0]LogConfig: Setting CVar [[r.EmitterSpawnRateScale:1.0]]
[2022.02.07-08.38.49:586][  0]LogConfig: Setting CVar [[r.ParticleLightQuality:2]]
[2022.02.07-08.38.49:586][  0]LogConfig: Setting CVar [[r.SkyAtmosphere.AerialPerspectiveLUT.FastApplyOnOpaque:1 ; Always have FastSkyLUT 1 in this case to avoid wrong sky]]
[2022.02.07-08.38.49:586][  0]LogConfig: Setting CVar [[r.SkyAtmosphere.AerialPerspectiveLUT.SampleCountMaxPerSlice:4]]
[2022.02.07-08.38.49:586][  0]LogConfig: Setting CVar [[r.SkyAtmosphere.AerialPerspectiveLUT.DepthResolution:16.0]]
[2022.02.07-08.38.49:586][  0]LogConfig: Setting CVar [[r.SkyAtmosphere.FastSkyLUT:1]]
[2022.02.07-08.38.49:586][  0]LogConfig: Setting CVar [[r.SkyAtmosphere.FastSkyLUT.SampleCountMin:4.0]]
[2022.02.07-08.38.49:586][  0]LogConfig: Setting CVar [[r.SkyAtmosphere.FastSkyLUT.SampleCountMax:128.0]]
[2022.02.07-08.38.49:587][  0]LogConfig: Setting CVar [[r.SkyAtmosphere.SampleCountMin:4.0]]
[2022.02.07-08.38.49:587][  0]LogConfig: Setting CVar [[r.SkyAtmosphere.SampleCountMax:128.0]]
[2022.02.07-08.38.49:587][  0]LogConfig: Setting CVar [[r.SkyAtmosphere.TransmittanceLUT.UseSmallFormat:0]]
[2022.02.07-08.38.49:587][  0]LogConfig: Setting CVar [[r.SkyAtmosphere.TransmittanceLUT.SampleCount:10.0]]
[2022.02.07-08.38.49:587][  0]LogConfig: Setting CVar [[r.SkyAtmosphere.MultiScatteringLUT.SampleCount:15.0]]
[2022.02.07-08.38.49:587][  0]LogConfig: Setting CVar [[r.SkyLight.RealTimeReflectionCapture:1]]
[2022.02.07-08.38.49:587][  0]LogConfig: Applying CVar settings from Section [FoliageQuality@3] File [C:/Users/mario/Documents/GitHub/CastVR/Saved/Config/Windows/Scalability.ini]
[2022.02.07-08.38.49:587][  0]LogConfig: Setting CVar [[foliage.DensityScale:1.0]]
[2022.02.07-08.38.49:587][  0]LogConfig: Setting CVar [[grass.DensityScale:1.0]]
[2022.02.07-08.38.49:587][  0]LogConfig: Applying CVar settings from Section [ShadingQuality@3] File [C:/Users/mario/Documents/GitHub/CastVR/Saved/Config/Windows/Scalability.ini]
[2022.02.07-08.38.49:587][  0]LogConfig: Setting CVar [[r.HairStrands.SkyLighting.IntegrationType:2]]
[2022.02.07-08.38.49:587][  0]LogConfig: Setting CVar [[r.HairStrands.SkyAO.SampleCount:4]]
[2022.02.07-08.38.49:587][  0]LogConfig: Setting CVar [[r.HairStrands.Visibility.MSAA.SamplePerPixel:4]]
[2022.02.07-08.38.49:587][  0]LogInit: Selected Device Profile: [Windows]
[2022.02.07-08.38.49:587][  0]LogInit: Applying CVar settings loaded from the selected device profile: [Windows]
[2022.02.07-08.38.49:587][  0]LogHAL: Display: Platform has ~ 32 GB [34205065216 / 34359738368 / 32], which maps to Largest [LargestMinGB=32, LargerMinGB=12, DefaultMinGB=8, SmallerMinGB=6, SmallestMinGB=0)
[2022.02.07-08.38.49:587][  0]LogInit: Going up to parent DeviceProfile []
[2022.02.07-08.38.49:587][  0]LogConfig: Applying CVar settings from Section [ViewDistanceQuality@3] File [C:/Users/mario/Documents/GitHub/CastVR/Saved/Config/Windows/Scalability.ini]
[2022.02.07-08.38.49:587][  0]LogConfig: Setting CVar [[r.SkeletalMeshLODBias:0]]
[2022.02.07-08.38.49:587][  0]LogConfig: Setting CVar [[r.ViewDistanceScale:1.0]]
[2022.02.07-08.38.49:587][  0]LogConfig: Applying CVar settings from Section [AntiAliasingQuality@3] File [C:/Users/mario/Documents/GitHub/CastVR/Saved/Config/Windows/Scalability.ini]
[2022.02.07-08.38.49:587][  0]LogConfig: Setting CVar [[r.PostProcessAAQuality:4]]
[2022.02.07-08.38.49:587][  0]LogConfig: Applying CVar settings from Section [ShadowQuality@3] File [C:/Users/mario/Documents/GitHub/CastVR/Saved/Config/Windows/Scalability.ini]
[2022.02.07-08.38.49:587][  0]LogConfig: Setting CVar [[r.LightFunctionQuality:1]]
[2022.02.07-08.38.49:587][  0]LogConfig: Setting CVar [[r.ShadowQuality:5]]
[2022.02.07-08.38.49:587][  0]LogConfig: Setting CVar [[r.Shadow.CSM.MaxCascades:10]]
[2022.02.07-08.38.49:587][  0]LogConfig: Setting CVar [[r.Shadow.MaxResolution:2048]]
[2022.02.07-08.38.49:587][  0]LogConfig: Setting CVar [[r.Shadow.MaxCSMResolution:2048]]
[2022.02.07-08.38.49:587][  0]LogConfig: Setting CVar [[r.Shadow.RadiusThreshold:0.01]]
[2022.02.07-08.38.49:587][  0]LogConfig: Setting CVar [[r.Shadow.DistanceScale:1.0]]
[2022.02.07-08.38.49:587][  0]LogConfig: Setting CVar [[r.Shadow.CSM.TransitionScale:1.0]]
[2022.02.07-08.38.49:587][  0]LogConfig: Setting CVar [[r.Shadow.PreShadowResolutionFactor:1.0]]
[2022.02.07-08.38.49:587][  0]LogConfig: Setting CVar [[r.DistanceFieldShadowing:1]]
[2022.02.07-08.38.49:587][  0]LogConfig: Setting CVar [[r.DistanceFieldAO:1]]
[2022.02.07-08.38.49:587][  0]LogConfig: Setting CVar [[r.AOQuality:2]]
[2022.02.07-08.38.49:587][  0]LogConfig: Setting CVar [[r.VolumetricFog:1]]
[2022.02.07-08.38.49:587][  0]LogConfig: Setting CVar [[r.VolumetricFog.GridPixelSize:8]]
[2022.02.07-08.38.49:587][  0]LogConfig: Setting CVar [[r.VolumetricFog.GridSizeZ:128]]
[2022.02.07-08.38.49:587][  0]LogConfig: Setting CVar [[r.VolumetricFog.HistoryMissSupersampleCount:4]]
[2022.02.07-08.38.49:587][  0]LogConfig: Setting CVar [[r.LightMaxDrawDistanceScale:1]]
[2022.02.07-08.38.49:587][  0]LogConfig: Setting CVar [[r.CapsuleShadows:1]]
[2022.02.07-08.38.49:587][  0]LogConfig: Applying CVar settings from Section [PostProcessQuality@3] File [C:/Users/mario/Documents/GitHub/CastVR/Saved/Config/Windows/Scalability.ini]
[2022.02.07-08.38.49:587][  0]LogConfig: Setting CVar [[r.MotionBlurQuality:4]]
[2022.02.07-08.38.49:587][  0]LogConfig: Setting CVar [[r.AmbientOcclusionMipLevelFactor:0.4]]
[2022.02.07-08.38.49:587][  0]LogConfig: Setting CVar [[r.AmbientOcclusionMaxQuality:100]]
[2022.02.07-08.38.49:587][  0]LogConfig: Setting CVar [[r.AmbientOcclusionLevels:-1]]
[2022.02.07-08.38.49:587][  0]LogConfig: Setting CVar [[r.AmbientOcclusionRadiusScale:1.0]]
[2022.02.07-08.38.49:587][  0]LogConfig: Setting CVar [[r.DepthOfFieldQuality:2]]
[2022.02.07-08.38.49:587][  0]LogConfig: Setting CVar [[r.RenderTargetPoolMin:400]]
[2022.02.07-08.38.49:587][  0]LogConfig: Setting CVar [[r.LensFlareQuality:2]]
[2022.02.07-08.38.49:587][  0]LogConfig: Setting CVar [[r.SceneColorFringeQuality:1]]
[2022.02.07-08.38.49:587][  0]LogConfig: Setting CVar [[r.EyeAdaptationQuality:2]]
[2022.02.07-08.38.49:587][  0]LogConfig: Setting CVar [[r.BloomQuality:5]]
[2022.02.07-08.38.49:587][  0]LogConfig: Setting CVar [[r.FastBlurThreshold:100]]
[2022.02.07-08.38.49:587][  0]LogConfig: Setting CVar [[r.Upscale.Quality:3]]
[2022.02.07-08.38.49:587][  0]LogConfig: Setting CVar [[r.Tonemapper.GrainQuantization:1]]
[2022.02.07-08.38.49:587][  0]LogConfig: Setting CVar [[r.LightShaftQuality:1]]
[2022.02.07-08.38.49:587][  0]LogConfig: Setting CVar [[r.Filter.SizeScale:1]]
[2022.02.07-08.38.49:587][  0]LogConfig: Setting CVar [[r.Tonemapper.Quality:5]]
[2022.02.07-08.38.49:587][  0]LogConfig: Setting CVar [[r.DOF.Gather.AccumulatorQuality:1        ; higher gathering accumulator quality]]
[2022.02.07-08.38.49:587][  0]LogConfig: Setting CVar [[r.DOF.Gather.PostfilterMethod:1          ; Median3x3 postfilering method]]
[2022.02.07-08.38.49:587][  0]LogConfig: Setting CVar [[r.DOF.Gather.EnableBokehSettings:0       ; no bokeh simulation when gathering]]
[2022.02.07-08.38.49:587][  0]LogConfig: Setting CVar [[r.DOF.Gather.RingCount:4                 ; medium number of samples when gathering]]
[2022.02.07-08.38.49:587][  0]LogConfig: Setting CVar [[r.DOF.Scatter.ForegroundCompositing:1    ; additive foreground scattering]]
[2022.02.07-08.38.49:587][  0]LogConfig: Setting CVar [[r.DOF.Scatter.BackgroundCompositing:2    ; additive background scattering]]
[2022.02.07-08.38.49:587][  0]LogConfig: Setting CVar [[r.DOF.Scatter.EnableBokehSettings:1      ; bokeh simulation when scattering]]
[2022.02.07-08.38.49:587][  0]LogConfig: Setting CVar [[r.DOF.Scatter.MaxSpriteRatio:0.1         ; only a maximum of 10% of scattered bokeh]]
[2022.02.07-08.38.49:587][  0]LogConfig: Setting CVar [[r.DOF.Recombine.Quality:1                ; cheap slight out of focus]]
[2022.02.07-08.38.49:587][  0]LogConfig: Setting CVar [[r.DOF.Recombine.EnableBokehSettings:0    ; no bokeh simulation on slight out of focus]]
[2022.02.07-08.38.49:587][  0]LogConfig: Setting CVar [[r.DOF.TemporalAAQuality:1                ; more stable temporal accumulation]]
[2022.02.07-08.38.49:587][  0]LogConfig: Setting CVar [[r.DOF.Kernel.MaxForegroundRadius:0.025]]
[2022.02.07-08.38.49:587][  0]LogConfig: Setting CVar [[r.DOF.Kernel.MaxBackgroundRadius:0.025]]
[2022.02.07-08.38.49:588][  0]LogConfig: Applying CVar settings from Section [TextureQuality@3] File [C:/Users/mario/Documents/GitHub/CastVR/Saved/Config/Windows/Scalability.ini]
[2022.02.07-08.38.49:588][  0]LogConfig: Setting CVar [[r.Streaming.MipBias:0]]
[2022.02.07-08.38.49:588][  0]LogConfig: Setting CVar [[r.Streaming.AmortizeCPUToGPUCopy:0]]
[2022.02.07-08.38.49:588][  0]LogConfig: Setting CVar [[r.Streaming.MaxNumTexturesToStreamPerFrame:0]]
[2022.02.07-08.38.49:588][  0]LogConfig: Setting CVar [[r.Streaming.Boost:1]]
[2022.02.07-08.38.49:588][  0]LogConfig: Setting CVar [[r.MaxAnisotropy:8]]
[2022.02.07-08.38.49:588][  0]LogConfig: Setting CVar [[r.VT.MaxAnisotropy:8]]
[2022.02.07-08.38.49:588][  0]LogConfig: Setting CVar [[r.Streaming.LimitPoolSizeToVRAM:0]]
[2022.02.07-08.38.49:588][  0]LogConfig: Setting CVar [[r.Streaming.PoolSize:1000]]
[2022.02.07-08.38.49:588][  0]LogConfig: Setting CVar [[r.Streaming.MaxEffectiveScreenSize:0]]
[2022.02.07-08.38.49:588][  0]LogConfig: Applying CVar settings from Section [EffectsQuality@3] File [C:/Users/mario/Documents/GitHub/CastVR/Saved/Config/Windows/Scalability.ini]
[2022.02.07-08.38.49:588][  0]LogConfig: Setting CVar [[r.TranslucencyLightingVolumeDim:64]]
[2022.02.07-08.38.49:588][  0]LogConfig: Setting CVar [[r.RefractionQuality:2]]
[2022.02.07-08.38.49:588][  0]LogConfig: Setting CVar [[r.SSR.Quality:3]]
[2022.02.07-08.38.49:588][  0]LogConfig: Setting CVar [[r.SSR.HalfResSceneColor:0]]
[2022.02.07-08.38.49:588][  0]LogConfig: Setting CVar [[r.SceneColorFormat:4]]
[2022.02.07-08.38.49:588][  0]LogConfig: Setting CVar [[r.DetailMode:2]]
[2022.02.07-08.38.49:588][  0]LogConfig: Setting CVar [[r.TranslucencyVolumeBlur:1]]
[2022.02.07-08.38.49:588][  0]LogConfig: Setting CVar [[r.MaterialQualityLevel:1 ; High quality]]
[2022.02.07-08.38.49:588][  0]LogConfig: Setting CVar [[r.AnisotropicMaterials:1]]
[2022.02.07-08.38.49:588][  0]LogConfig: Setting CVar [[r.SSS.Scale:1]]
[2022.02.07-08.38.49:588][  0]LogConfig: Setting CVar [[r.SSS.SampleSet:2]]
[2022.02.07-08.38.49:588][  0]LogConfig: Setting CVar [[r.SSS.Quality:1]]
[2022.02.07-08.38.49:588][  0]LogConfig: Setting CVar [[r.SSS.HalfRes:0]]
[2022.02.07-08.38.49:588][  0]LogConfig: Setting CVar [[r.SSGI.Quality:3]]
[2022.02.07-08.38.49:588][  0]LogConfig: Setting CVar [[r.EmitterSpawnRateScale:1.0]]
[2022.02.07-08.38.49:588][  0]LogConfig: Setting CVar [[r.ParticleLightQuality:2]]
[2022.02.07-08.38.49:588][  0]LogConfig: Setting CVar [[r.SkyAtmosphere.AerialPerspectiveLUT.FastApplyOnOpaque:1 ; Always have FastSkyLUT 1 in this case to avoid wrong sky]]
[2022.02.07-08.38.49:588][  0]LogConfig: Setting CVar [[r.SkyAtmosphere.AerialPerspectiveLUT.SampleCountMaxPerSlice:4]]
[2022.02.07-08.38.49:588][  0]LogConfig: Setting CVar [[r.SkyAtmosphere.AerialPerspectiveLUT.DepthResolution:16.0]]
[2022.02.07-08.38.49:588][  0]LogConfig: Setting CVar [[r.SkyAtmosphere.FastSkyLUT:1]]
[2022.02.07-08.38.49:588][  0]LogConfig: Setting CVar [[r.SkyAtmosphere.FastSkyLUT.SampleCountMin:4.0]]
[2022.02.07-08.38.49:588][  0]LogConfig: Setting CVar [[r.SkyAtmosphere.FastSkyLUT.SampleCountMax:128.0]]
[2022.02.07-08.38.49:588][  0]LogConfig: Setting CVar [[r.SkyAtmosphere.SampleCountMin:4.0]]
[2022.02.07-08.38.49:588][  0]LogConfig: Setting CVar [[r.SkyAtmosphere.SampleCountMax:128.0]]
[2022.02.07-08.38.49:588][  0]LogConfig: Setting CVar [[r.SkyAtmosphere.TransmittanceLUT.UseSmallFormat:0]]
[2022.02.07-08.38.49:588][  0]LogConfig: Setting CVar [[r.SkyAtmosphere.TransmittanceLUT.SampleCount:10.0]]
[2022.02.07-08.38.49:588][  0]LogConfig: Setting CVar [[r.SkyAtmosphere.MultiScatteringLUT.SampleCount:15.0]]
[2022.02.07-08.38.49:588][  0]LogConfig: Setting CVar [[r.SkyLight.RealTimeReflectionCapture:1]]
[2022.02.07-08.38.49:588][  0]LogConfig: Applying CVar settings from Section [FoliageQuality@3] File [C:/Users/mario/Documents/GitHub/CastVR/Saved/Config/Windows/Scalability.ini]
[2022.02.07-08.38.49:588][  0]LogConfig: Setting CVar [[foliage.DensityScale:1.0]]
[2022.02.07-08.38.49:588][  0]LogConfig: Setting CVar [[grass.DensityScale:1.0]]
[2022.02.07-08.38.49:588][  0]LogConfig: Applying CVar settings from Section [ShadingQuality@3] File [C:/Users/mario/Documents/GitHub/CastVR/Saved/Config/Windows/Scalability.ini]
[2022.02.07-08.38.49:588][  0]LogConfig: Setting CVar [[r.HairStrands.SkyLighting.IntegrationType:2]]
[2022.02.07-08.38.49:588][  0]LogConfig: Setting CVar [[r.HairStrands.SkyAO.SampleCount:4]]
[2022.02.07-08.38.49:588][  0]LogConfig: Setting CVar [[r.HairStrands.Visibility.MSAA.SamplePerPixel:4]]
[2022.02.07-08.38.49:588][  0]LogConfig: Applying CVar settings from Section [Startup] File [../../../Engine/Config/ConsoleVariables.ini]
[2022.02.07-08.38.49:588][  0]LogConfig: Setting CVar [[net.UseAdaptiveNetUpdateFrequency:0]]
[2022.02.07-08.38.49:588][  0]LogConfig: Setting CVar [[p.chaos.AllowCreatePhysxBodies:1]]
[2022.02.07-08.38.49:588][  0]LogConfig: Setting CVar [[fx.SkipVectorVMBackendOptimizations:1]]
[2022.02.07-08.38.49:588][  0]LogConfig: Applying CVar settings from Section [ConsoleVariables] File [C:/Users/mario/Documents/GitHub/CastVR/Saved/Config/Windows/Engine.ini]
[2022.02.07-08.38.49:588][  0]LogConfig: Applying CVar settings from Section [ConsoleVariables] File [C:/Users/mario/Documents/GitHub/CastVR/Saved/Config/Windows/Editor.ini]
[2022.02.07-08.38.49:589][  0]LogInit: Computer: LAPTOP-HFREQUKT
[2022.02.07-08.38.49:589][  0]LogInit: User: mario
[2022.02.07-08.38.49:589][  0]LogInit: CPU Page size=4096, Cores=4
[2022.02.07-08.38.49:589][  0]LogInit: High frequency timer resolution =10.000000 MHz
[2022.02.07-08.38.49:589][  0]LogMemory: Memory total: Physical=31.9GB (32GB approx)
[2022.02.07-08.38.49:589][  0]LogMemory: Platform Memory Stats for Windows
[2022.02.07-08.38.49:589][  0]LogMemory: Process Physical Memory: 142.83 MB used, 142.83 MB peak
[2022.02.07-08.38.49:589][  0]LogMemory: Process Virtual Memory: 120.05 MB used, 120.05 MB peak
[2022.02.07-08.38.49:589][  0]LogMemory: Physical Memory: 14154.71 MB used,  18465.78 MB free, 32620.49 MB total
[2022.02.07-08.38.49:589][  0]LogMemory: Virtual Memory: 134200992.00 MB used,  16733.12 MB free, 134217728.00 MB total
[2022.02.07-08.38.49:624][  0]LogWindows: WindowsPlatformFeatures enabled
[2022.02.07-08.38.49:680][  0]LogInit: Physics initialised using underlying interface: PhysX
[2022.02.07-08.38.49:682][  0]LogInit: Using OS detected language (en-GB).
[2022.02.07-08.38.49:682][  0]LogInit: Using OS detected locale (en-GB).
[2022.02.07-08.38.49:688][  0]LogTextLocalizationManager: No specific localization for 'en-GB' exists, so the 'en' localization will be used.
[2022.02.07-08.38.49:851][  0]LogInit: Setting process to per monitor DPI aware
[2022.02.07-08.38.49:862][  0]LogWindowsTextInputMethodSystem: Display: IME system deactivated.
[2022.02.07-08.38.49:878][  0]LogSlate: New Slate User Created.  User Index 0, Is Virtual User: 0
[2022.02.07-08.38.49:878][  0]LogSlate: Slate User Registered.  User Index 0, Is Virtual User: 0
[2022.02.07-08.38.50:222][  0]LogD3D11RHI: Loaded GFSDK_Aftermath_Lib.x64.dll
[2022.02.07-08.38.50:252][  0]LogHMD: Optional extension XR_KHR_opengl_enable is not available
[2022.02.07-08.38.50:252][  0]LogHMD: Optional extension XR_KHR_vulkan_enable is not available
[2022.02.07-08.38.50:252][  0]LogHMD: Optional extension XR_VARJO_quad_views is not available
[2022.02.07-08.38.50:254][  0]LogHMD: Failed to get an OpenXR system, result is XR_ERROR_FORM_FACTOR_UNAVAILABLE. Please check that your runtime supports VR headsets.
[2022.02.07-08.38.50:254][  0]LogD3D11RHI: D3D11 min allowed feature level: 11_0
[2022.02.07-08.38.50:254][  0]LogD3D11RHI: D3D11 max allowed feature level: 11_0
[2022.02.07-08.38.50:254][  0]LogD3D11RHI: D3D11 adapters:
[2022.02.07-08.38.50:349][  0]LogD3D11RHI:    0. 'NVIDIA GeForce GTX 1650' (Feature Level 11_0)
[2022.02.07-08.38.50:349][  0]LogD3D11RHI:       3962/0/16310 MB DedicatedVideo/DedicatedSystem/SharedSystem, Outputs:1, VendorId:0x10de
[2022.02.07-08.38.50:362][  0]LogD3D11RHI:    1. 'Intel(R) UHD Graphics 630' (Feature Level 11_0)
[2022.02.07-08.38.50:362][  0]LogD3D11RHI:       128/0/16310 MB DedicatedVideo/DedicatedSystem/SharedSystem, Outputs:0, VendorId:0x8086
[2022.02.07-08.38.50:365][  0]LogD3D11RHI:    2. 'Microsoft Basic Render Driver' (Feature Level 11_0)
[2022.02.07-08.38.50:365][  0]LogD3D11RHI:       0/0/16310 MB DedicatedVideo/DedicatedSystem/SharedSystem, Outputs:0, VendorId:0x1414
[2022.02.07-08.38.50:365][  0]LogD3D11RHI: Chosen D3D11 Adapter:
[2022.02.07-08.38.50:365][  0]LogD3D11RHI:     Description : NVIDIA GeForce GTX 1650
[2022.02.07-08.38.50:365][  0]LogD3D11RHI:     VendorId    : 10de
[2022.02.07-08.38.50:365][  0]LogD3D11RHI:     DeviceId    : 1f91
[2022.02.07-08.38.50:365][  0]LogD3D11RHI:     SubSysId    : 105f1043
[2022.02.07-08.38.50:365][  0]LogD3D11RHI:     Revision    : 00a1
[2022.02.07-08.38.50:365][  0]LogD3D11RHI:     DedicatedVideoMemory : 4154458112 bytes
[2022.02.07-08.38.50:365][  0]LogD3D11RHI:     DedicatedSystemMemory : 0 bytes
[2022.02.07-08.38.50:365][  0]LogD3D11RHI:     SharedSystemMemory : 17102532608 bytes
[2022.02.07-08.38.50:365][  0]LogD3D11RHI:     AdapterLuid : 0 918990972
[2022.02.07-08.38.50:372][  0]LogD3D11RHI: Creating new Direct3DDevice
[2022.02.07-08.38.50:372][  0]LogD3D11RHI:     GPU DeviceId: 0x1f91 (for the marketing name, search the web for "GPU Device Id")
[2022.02.07-08.38.50:372][  0]LogWindows: EnumDisplayDevices:
[2022.02.07-08.38.50:373][  0]LogWindows:    0. 'Intel(R) UHD Graphics 630' (P:1 D:1)
[2022.02.07-08.38.50:373][  0]LogWindows:    1. 'Intel(R) UHD Graphics 630' (P:0 D:0)
[2022.02.07-08.38.50:373][  0]LogWindows:    2. 'Intel(R) UHD Graphics 630' (P:0 D:0)
[2022.02.07-08.38.50:373][  0]LogWindows:    3. 'NVIDIA GeForce GTX 1650' (P:0 D:0)
[2022.02.07-08.38.50:373][  0]LogWindows: DebugString: PrimaryIsNotTheChoosenAdapter PrimaryIsNotTheChoosenAdapter PrimaryIsNotTheChoosenAdapter 
[2022.02.07-08.38.50:373][  0]LogD3D11RHI:     Adapter Name: NVIDIA GeForce GTX 1650
[2022.02.07-08.38.50:373][  0]LogD3D11RHI:   Driver Version: 511.65 (internal:30.0.15.1165, unified:511.65)
[2022.02.07-08.38.50:373][  0]LogD3D11RHI:      Driver Date: 1-28-2022
[2022.02.07-08.38.50:373][  0]LogRHI: Texture pool is 2773 MB (70% of 3962 MB)
[2022.02.07-08.38.50:373][  0]LogD3D11RHI: Creating D3DDevice using adapter:
[2022.02.07-08.38.50:373][  0]LogD3D11RHI:     Description : NVIDIA GeForce GTX 1650
[2022.02.07-08.38.50:373][  0]LogD3D11RHI:     VendorId    : 10de
[2022.02.07-08.38.50:373][  0]LogD3D11RHI:     DeviceId    : 1f91
[2022.02.07-08.38.50:373][  0]LogD3D11RHI:     SubSysId    : 105f1043
[2022.02.07-08.38.50:374][  0]LogD3D11RHI:     Revision    : 00a1
[2022.02.07-08.38.50:374][  0]LogD3D11RHI:     DedicatedVideoMemory : 4154458112 bytes
[2022.02.07-08.38.50:374][  0]LogD3D11RHI:     DedicatedSystemMemory : 0 bytes
[2022.02.07-08.38.50:374][  0]LogD3D11RHI:     SharedSystemMemory : 17102532608 bytes
[2022.02.07-08.38.50:374][  0]LogD3D11RHI:     AdapterLuid : 0 918990972
[2022.02.07-08.38.50:429][  0]LogD3D11RHI: RHI has support for 64 bit atomics
[2022.02.07-08.38.50:429][  0]LogD3D11RHI: Async texture creation enabled
[2022.02.07-08.38.50:429][  0]LogD3D11RHI: Array index from any shader is supported
[2022.02.07-08.38.50:449][  0]LogD3D11RHI: GPU Timing Frequency: 1000.000000 (Debug: 2 1)
[2022.02.07-08.38.50:493][  0]LogRHI: GeForceNow SDK initialized: 1
[2022.02.07-08.38.50:778][  0]LogTargetPlatformManager: Display: Loaded TargetPlatform 'AllDesktop'
[2022.02.07-08.38.50:800][  0]LogTargetPlatformManager: Display: Loaded TargetPlatform 'Android'
[2022.02.07-08.38.50:801][  0]LogTargetPlatformManager: Display: Loaded TargetPlatform 'Android_ASTC'
[2022.02.07-08.38.50:801][  0]LogTargetPlatformManager: Display: Loaded TargetPlatform 'Android_DXT'
[2022.02.07-08.38.50:801][  0]LogTargetPlatformManager: Display: Loaded TargetPlatform 'Android_ETC2'
[2022.02.07-08.38.50:801][  0]LogTargetPlatformManager: Display: Loaded TargetPlatform 'AndroidClient'
[2022.02.07-08.38.50:801][  0]LogTargetPlatformManager: Display: Loaded TargetPlatform 'Android_ASTCClient'
[2022.02.07-08.38.50:801][  0]LogTargetPlatformManager: Display: Loaded TargetPlatform 'Android_DXTClient'
[2022.02.07-08.38.50:801][  0]LogTargetPlatformManager: Display: Loaded TargetPlatform 'Android_ETC2Client'
[2022.02.07-08.38.50:801][  0]LogTargetPlatformManager: Display: Loaded TargetPlatform 'Android_Multi'
[2022.02.07-08.38.50:801][  0]LogTargetPlatformManager: Display: Loaded TargetPlatform 'Android_MultiClient'
[2022.02.07-08.38.50:825][  0]LogTargetPlatformManager: Display: Loaded TargetPlatform 'IOSClient'
[2022.02.07-08.38.50:825][  0]LogTargetPlatformManager: Display: Loaded TargetPlatform 'IOS'
[2022.02.07-08.38.50:835][  0]LogTargetPlatformManager: Display: Loaded TargetPlatform 'Linux'
[2022.02.07-08.38.50:840][  0]LogTargetPlatformManager: Display: Loaded TargetPlatform 'LinuxNoEditor'
[2022.02.07-08.38.50:844][  0]LogTargetPlatformManager: Display: Loaded TargetPlatform 'LinuxClient'
[2022.02.07-08.38.50:849][  0]LogTargetPlatformManager: Display: Loaded TargetPlatform 'LinuxServer'
[2022.02.07-08.38.50:859][  0]LogTargetPlatformManager: Display: Loaded TargetPlatform 'LinuxAArch64NoEditor'
[2022.02.07-08.38.50:864][  0]LogTargetPlatformManager: Display: Loaded TargetPlatform 'LinuxAArch64Client'
[2022.02.07-08.38.50:868][  0]LogTargetPlatformManager: Display: Loaded TargetPlatform 'LinuxAArch64Server'
[2022.02.07-08.38.50:894][  0]LogTargetPlatformManager: Display: Loaded TargetPlatform 'Lumin'
[2022.02.07-08.38.50:894][  0]LogTargetPlatformManager: Display: Loaded TargetPlatform 'LuminClient'
[2022.02.07-08.38.50:906][  0]LogTargetPlatformManager: Display: Loaded TargetPlatform 'MacNoEditor'
[2022.02.07-08.38.50:913][  0]LogTargetPlatformManager: Display: Loaded TargetPlatform 'Mac'
[2022.02.07-08.38.50:919][  0]LogTargetPlatformManager: Display: Loaded TargetPlatform 'MacClient'
[2022.02.07-08.38.50:926][  0]LogTargetPlatformManager: Display: Loaded TargetPlatform 'MacServer'
[2022.02.07-08.38.50:938][  0]LogTargetPlatformManager: Display: Loaded TargetPlatform 'TVOSClient'
[2022.02.07-08.38.50:938][  0]LogTargetPlatformManager: Display: Loaded TargetPlatform 'TVOS'
[2022.02.07-08.38.50:950][  0]LogTargetPlatformManager: Display: Loaded TargetPlatform 'WindowsNoEditor'
[2022.02.07-08.38.50:958][  0]LogTargetPlatformManager: Display: Loaded TargetPlatform 'Windows'
[2022.02.07-08.38.50:965][  0]LogTargetPlatformManager: Display: Loaded TargetPlatform 'WindowsClient'
[2022.02.07-08.38.50:973][  0]LogTargetPlatformManager: Display: Loaded TargetPlatform 'WindowsServer'
[2022.02.07-08.38.50:973][  0]LogTargetPlatformManager: Display: Building Assets For Windows
[2022.02.07-08.38.50:985][  0]LogAudioDebug: Display: Lib vorbis DLL was dynamically loaded.
[2022.02.07-08.38.51:056][  0]LogTextureFormatOodle: Display: Oodle Texture 2.9.0 init RDO Off
[2022.02.07-08.38.51:112][  0]LogRendererCore: Ray tracing is disabled. Reason: r.RayTracing=0.
[2022.02.07-08.38.51:112][  0]LogShaderCompilers: Guid format shader working directory is 8 characters bigger than the processId version (C:/Users/mario/Documents/GitHub/CastVR/Intermediate/Shaders/WorkingDirectory/4592/).
[2022.02.07-08.38.51:113][  0]LogShaderCompilers: Cleaned the shader compiler working directory 'C:/Users/mario/AppData/Local/Temp/UnrealShaderWorkingDir/1DD54C9040C485D1294AE08604184581/'.
[2022.02.07-08.38.51:113][  0]LogXGEController: Cannot use XGE Controller as Incredibuild is not installed on this machine.
[2022.02.07-08.38.51:113][  0]LogShaderCompilers: Cannot use XGE Shader Compiler as Incredibuild is not installed on this machine.
[2022.02.07-08.38.51:113][  0]LogShaderCompilers: Display: Using Local Shader Compiler.
[2022.02.07-08.38.51:846][  0]LogDerivedDataCache: Display: Max Cache Size: 512 MB
[2022.02.07-08.38.51:893][  0]LogDerivedDataCache: Loaded boot cache 0.05s 94MB C:/Users/mario/AppData/Local/UnrealEngine/4.27/DerivedDataCache/Boot.ddc.
[2022.02.07-08.38.51:893][  0]LogDerivedDataCache: Display: Loaded Boot cache: C:/Users/mario/AppData/Local/UnrealEngine/4.27/DerivedDataCache/Boot.ddc
[2022.02.07-08.38.51:893][  0]LogDerivedDataCache: FDerivedDataBackendGraph:  Pak pak cache file C:/Users/mario/Documents/GitHub/CastVR/DerivedDataCache/DDC.ddp not found, will not use a pak cache.
[2022.02.07-08.38.51:893][  0]LogDerivedDataCache: Unable to find inner node Pak for hierarchical cache Hierarchy.
[2022.02.07-08.38.51:893][  0]LogDerivedDataCache: FDerivedDataBackendGraph:  CompressedPak pak cache file C:/Users/mario/Documents/GitHub/CastVR/DerivedDataCache/Compressed.ddp not found, will not use a pak cache.
[2022.02.07-08.38.51:893][  0]LogDerivedDataCache: Unable to find inner node CompressedPak for hierarchical cache Hierarchy.
[2022.02.07-08.38.51:908][  0]LogDerivedDataCache: Display: Pak cache opened for reading ../../../Engine/DerivedDataCache/Compressed.ddp.
[2022.02.07-08.38.51:908][  0]LogDerivedDataCache: FDerivedDataBackendGraph:  EnterprisePak pak cache file ../../../Enterprise/DerivedDataCache/Compressed.ddp not found, will not use a pak cache.
[2022.02.07-08.38.51:908][  0]LogDerivedDataCache: Unable to find inner node EnterprisePak for hierarchical cache Hierarchy.
[2022.02.07-08.38.51:913][  0]LogDerivedDataCache: Speed tests for C:/Users/mario/AppData/Local/UnrealEngine/Common/DerivedDataCache took 0.00 seconds
[2022.02.07-08.38.51:913][  0]LogDerivedDataCache: Display: Performance to C:/Users/mario/AppData/Local/UnrealEngine/Common/DerivedDataCache: Latency=0.03ms. RandomReadSpeed=1096.98MBs, RandomWriteSpeed=285.73MBs. Assigned SpeedClass 'Local'
[2022.02.07-08.38.51:913][  0]LogDerivedDataCache: Using Local data cache path C:/Users/mario/AppData/Local/UnrealEngine/Common/DerivedDataCache: Writable
[2022.02.07-08.38.51:913][  0]LogDerivedDataCache: Shared data cache path not found in *engine.ini, will not use an Shared cache.
[2022.02.07-08.38.51:913][  0]LogDerivedDataCache: Unable to find inner node Shared for hierarchical cache Hierarchy.
[2022.02.07-08.38.51:957][  0]LogSlate: Using FreeType 2.10.0
[2022.02.07-08.38.51:958][  0]LogSlate: SlateFontServices - WITH_FREETYPE: 1, WITH_HARFBUZZ: 1
[2022.02.07-08.38.51:958][  0]LogHMD: Failed to get an OpenXR system, result is XR_ERROR_FORM_FACTOR_UNAVAILABLE. Please check that your runtime supports VR headsets.
[2022.02.07-08.38.51:988][  0]LogAssetRegistry: FAssetRegistry took 0.0024 seconds to start up
[2022.02.07-08.38.52:205][  0]LogInit: Selected Device Profile: [Windows]
[2022.02.07-08.38.52:205][  0]LogInit: Active device profile: [00000238732BB500][0000023868F766C0 49] Windows
[2022.02.07-08.38.52:205][  0]LogInit: Profiles: [00000238732BB500][0000023868F766C0 49] Windows, [000002387326CD00][0000023868F7E840 49] WindowsNoEditor, [00000238732B8D00][0000023868F7A980 49] WindowsServer, [000002387326ED00][0000023868F82AC0 49] WindowsClient, [00000238732BAC00][0000023868F86C00 49] IOS, [000002387326D600][0000023868F8AD40 49] iPadAir, [00000238732B9500][0000023868F92EC0 49] iPadAir2, [000002387320FC00][0000023868F9B180 49] IPadPro, [000002387320FD00][0000023868F971C0 49] iPadAir3, [00000238732BA600][00000238684DB340 49] iPadAir4, [000002387320D200][00000238684DF4C0 49] iPadMini2, [00000238732B9A00][00000238684E3640 49] iPadMini3, [000002387320E700][00000238684E77C0 49] iPadMini4, [00000238732B8800][00000238684EB940 49] iPadMini5, [000002387326B500][00000238684F3C00 49] iPhone6, [000002387326B600][00000238684EE0C0 49] iPodTouch6, [000002387320C200][00000238684FA380 49] iPhone7, [000002387320C100][00000238684F63C0 49] iPodTouch7, [0000023873269100][00000238684FE540 49] iPhone5S, [000002387320CB00][00000238685026C0 49] iPhone6Plus, [000002387326A800][0000023868506880 49] iPhone6S, [000002387320D000][000002386850AA00 49] iPhone6SPlus, [0000023873269900][0000023868F8EB40 49] iPhone7Plus, [000002387320E400][000002386850EC80 49] iPhoneSE, [000002387326B900][0000023868512DC0 49] iPhone8, [000002387320F700][0000023868516F00 49] iPhone8Plus, [000002387326AD00][000002386851F080 49] iPhoneX, [000002387320FE00][0000023868523200 49] iPhoneXS, [0000023873269200][0000023868527380 49] iPhoneXSMax, [000002387320CD00][000002386852B500 49] iPhoneXR, [0000023873268B00][00000238723F9680 49] iPhone11, [000002387320E800][00000238723FD800 49] iPhone11Pro, [000002387326AF00][0000023872401980 49] iPhone11ProMax, [000002387320E900][0000023872405B00 49] iPhoneSE2, [0000023873269600][0000023872408100 49] iPhone12Mini, [000002387320FF00][000002387240C280 49] iPhone12, [0000023873268100][0000023872410400 49] iPhone12Pro, [000002387320E600][0000023872414580 49] iPhone12ProMax, [000002387326A300][0000023872418700 49] iPadPro105, [000002387320D500][000002387241C880 49] iPadPro129, [000002387326A600][0000023872420A00 49] iPadPro97, [000002387320D800][0000023872424B80 49] iPadPro2_129, [0000023873269B00][0000023872428D00 49] iPad5, [000002387320F600][000002386851AE40 49] iPad6, [0000023873269300][000002387242CF80 49] iPad7, [000002387320EE00][00000238724310C0 49] iPad8, [0000023873269F00][0000023872439240 49] iPadPro11, [000002387320F300][000002387243D3C0 49] iPadPro2_11, [0000023873268500][0000023872441540 49] iPadPro3_129, [000002387320D700][00000238724456C0 49] iPadPro4_129, [000002387326A700][0000023872449840 49] AppleTV, [000002387320DF00][000002387244D9C0 49] AppleTV4K, [000002387326B700][0000023872451B40 49] TVOS, [000002387320F900][0000023872454140 49] Mac, [0000023873268A00][00000238724582C0 49] MacClient, [000002387320E500][000002387245C440 49] MacNoEditor, [0000023873268F00][00000238724605C0 49] MacServer, [000002387320F100][0000023872464740 49] Linux, [0000023873269500][00000238724688C0 49] LinuxAArch64, [000002387320C600][000002387246CA40 49] LinuxNoEditor, [000002387326B000][0000023872470BC0 49] LinuxAArch64NoEditor, [000002387320D100][0000023872474D40 49] LinuxClient, [000002387326F400][0000023872478EC0 49] LinuxAArch64Client, [0000023873302000][0000023872435000 49] LinuxServer, [000002387326E400][000002387247D140 49] LinuxAArch64Server, [0000023873301600][0000023872481280 49] Android, [000002387326DE00][00000238724853C0 49] Android_Low, [0000023873301900][000002387248D540 49] Android_Mid, [000002387326C100][00000238724916C0 49] Android_High, [0000023873300700][0000023872495840 49] Android_Default, [000002387326D300][00000238724999C0 49] Android_Adreno4xx, [0000023873301A00][000002387249DB40 49] Android_Adreno5xx_Low, [000002387326CC00][00000238724A0140 49] Android_Adreno5xx, [0000023873300A00][00000238724A42C0 49] Android_Adreno6xx, [000002387326D500][00000238724A8440 49] Android_Adreno6xx_Vulkan, [0000023873301500][00000238724AC5C0 49] Android_Mali_T6xx, [000002387326E100][00000238734C0740 49] Android_Mali_T7xx, [0000023873301E00][00000238734C48C0 49] Android_Mali_T8xx, [000002387326C400][00000238734C8A40 49] Android_Mali_G71, [0000023873302300][00000238734CCBC0 49] Android_Mali_G72, [000002387326D900][00000238734D0D40 49] Android_Mali_G72_Vulkan, [0000023873300600][00000238734D4EC0 49] Android_Mali_G76, [000002387326FA00][00000238734D9040 49] Android_Mali_G76_Vulkan, [0000023873301D00][0000023872489180 49] Android_Mali_G77, [000002387320EC00][00000238734DD2C0 49] Android_Mali_G77_Vulkan, [000002387326BE00][00000238734E1400 49] Android_Mali_G78, [000002387320FB00][00000238734E5540 49] Android_Mali_G78_Vulkan, [0000023873269400][00000238734ED6C0 49] Android_Mali_G710, [000002387320E200][00000238734F1840 49] Android_Mali_G710_Vulkan, [000002387326A500][00000238734F59C0 49] Android_Vulkan_SM5, [000002387320C700][00000238734F9B40 49] Android_PowerVR_G6xxx, [0000023873301C00][00000238734FC140 49] Android_PowerVR_GT7xxx, [000002387320CA00][00000238735002C0 49] Android_PowerVR_GE8xxx, [0000023873300900][0000023873504440 49] Android_PowerVR_GM9xxx, [000002387320EF00][00000238735085C0 49] Android_PowerVR_GM9xxx_Vulkan, [0000023873300E00][000002387350C740 49] Android_TegraK1, [000002387320C300][00000238735108C0 49] Android_Unknown_Vulkan, [0000023873301B00][0000023873514A40 49] Lumin, [000002387320DC00][0000023873518BC0 49] Lumin_Desktop, [0000023873300400][000002387351CD40 49] HoloLens, 
[2022.02.07-08.38.52:349][  0]LogMeshReduction: Using QuadricMeshReduction for automatic static mesh reduction
[2022.02.07-08.38.52:349][  0]LogMeshReduction: Using SimplygonMeshReduction for automatic skeletal mesh reduction
[2022.02.07-08.38.52:349][  0]LogMeshReduction: Using ProxyLODMeshReduction for automatic mesh merging
[2022.02.07-08.38.52:349][  0]LogMeshReduction: No distributed automatic mesh merging module available
[2022.02.07-08.38.52:349][  0]LogMeshMerging: No distributed automatic mesh merging module available
[2022.02.07-08.38.52:366][  0]LogNetVersion: CastVR 1.0.0, NetCL: 17155196, EngineNetVer: 17, GameNetVer: 0 (Checksum: 904767799)
[2022.02.07-08.38.52:856][  0]LogTexture: Default maximum texture size for cubemaps generated from long-lat sources has been changed from 512 to unlimited. In order to preserve old behaiour for '/Engine/MapTemplates/Sky/DaylightAmbientCubemap.DaylightAmbientCubemap', its maximum texture size has been explicitly set to 512.
[2022.02.07-08.38.52:909][  0]LogUObjectArray: 17011 objects as part of root set at end of initial load.
[2022.02.07-08.38.52:909][  0]LogUObjectAllocator: 4257152 out of 0 bytes used by permanent object pool.
[2022.02.07-08.38.52:909][  0]LogUObjectArray: CloseDisregardForGC: 0/0 objects in disregard for GC pool
[2022.02.07-08.38.53:296][  0]LogNiagaraDebuggerClient: Niagara Debugger Client Initialized | Session: A4752DF24C66764E28A087BB30DD2F2E | Instance: F4CD36F44197C547A3D25493886DF952 (LAPTOP-HFREQUKT-4592).
[2022.02.07-08.38.53:337][  0]LogPython: Using Python 3.7.7
[2022.02.07-08.38.53:905][  0]LogUdpMessaging: Initializing bridge on interface 0.0.0.0:0 to multicast group 230.0.0.1:6666.
[2022.02.07-08.38.53:911][  0]LogTcpMessaging: Initializing TcpMessaging bridge
[2022.02.07-08.38.54:105][  0]SourceControl: Source control is disabled
[2022.02.07-08.38.54:105][  0]SourceControl: Source control is disabled
[2022.02.07-08.38.54:108][  0]SourceControl: Source control is disabled
[2022.02.07-08.38.54:111][  0]SourceControl: Source control is disabled
[2022.02.07-08.38.54:122][  0]SourceControl: Source control is disabled
[2022.02.07-08.38.54:124][  0]LogUProjectInfo: Found projects:
[2022.02.07-08.38.54:359][  0]LogOpenImageDenoise: OIDN starting up
[2022.02.07-08.38.54:410][  0]LogAndroidPermission: UAndroidPermissionCallbackProxy::GetInstance
[2022.02.07-08.38.54:430][  0]LogAudioCaptureCore: Display: No Audio Capture implementations found. Audio input will be silent.
[2022.02.07-08.38.54:430][  0]LogAudioCaptureCore: Display: No Audio Capture implementations found. Audio input will be silent.
[2022.02.07-08.38.54:562][  0]LogCollectionManager: Loaded 0 collections in 0.001179 seconds
[2022.02.07-08.38.54:624][  0]LogFileCache: Scanning file cache for directory 'C:/Users/mario/Documents/GitHub/CastVR/Saved/Collections/' took 0.00s
[2022.02.07-08.38.54:624][  0]LogFileCache: Scanning file cache for directory 'C:/Users/mario/Documents/GitHub/CastVR/Content/Developers/mario/Collections/' took 0.00s
[2022.02.07-08.38.54:624][  0]LogFileCache: Scanning file cache for directory 'C:/Users/mario/Documents/GitHub/CastVR/Content/Collections/' took 0.00s
[2022.02.07-08.38.54:624][  0]LogEngine: Initializing Engine...
[2022.02.07-08.38.54:624][  0]LogHMD: Failed to get an OpenXR system, result is XR_ERROR_FORM_FACTOR_UNAVAILABLE. Please check that your runtime supports VR headsets.
[2022.02.07-08.38.54:625][  0]LogMagicLeap: Warning: VR disabled because ZI is not enabled.  To enable, in the editor, Edit -> Project Settings -> Plugins -> Magic Leap Plugin -> Enable Zero Iteration
[2022.02.07-08.38.54:625][  0]LogStats: UGameplayTagsManager::InitializeManager -  0.000 s
[2022.02.07-08.38.54:767][  0]LogInit: Initializing FReadOnlyCVARCache
[2022.02.07-08.38.54:778][  0]LogAIModule: Creating AISystem for world Untitled
[2022.02.07-08.38.54:778][  0]LogAudio: Display: Initializing Audio Device Manager...
[2022.02.07-08.38.54:784][  0]LogAudio: Display: Loading Default Audio Settings Objects...
[2022.02.07-08.38.54:785][  0]LogAudio: Display: No default SoundConcurrencyObject specified (or failed to load).
[2022.02.07-08.38.54:785][  0]LogAudio: Display: Audio Device Manager Initialized
[2022.02.07-08.38.54:785][  0]LogAudio: Display: Creating Audio Device:                 Id: 1, Scope: Shared, Realtime: True
[2022.02.07-08.38.54:785][  0]LogAudioMixer: Display: Audio Mixer Platform Settings:
[2022.02.07-08.38.54:785][  0]LogAudioMixer: Display: 	Sample Rate:						  48000
[2022.02.07-08.38.54:785][  0]LogAudioMixer: Display: 	Callback Buffer Frame Size Requested: 1024
[2022.02.07-08.38.54:785][  0]LogAudioMixer: Display: 	Callback Buffer Frame Size To Use:	  1024
[2022.02.07-08.38.54:785][  0]LogAudioMixer: Display: 	Number of buffers to queue:			  1
[2022.02.07-08.38.54:785][  0]LogAudioMixer: Display: 	Max Channels (voices):				  0
[2022.02.07-08.38.54:785][  0]LogAudioMixer: Display: 	Number of Async Source Workers:		  4
[2022.02.07-08.38.54:785][  0]LogAudio: Display: AudioDevice MaxSources: 32
[2022.02.07-08.38.54:785][  0]LogAudio: Display: Audio Spatialization Plugin: Resonance Audio is external send: 1
[2022.02.07-08.38.54:785][  0]LogAudio: Display: Audio Reverb Plugin: Resonance Audio
[2022.02.07-08.38.54:785][  0]LogAudio: Display: Audio Occlusion Plugin: None (built-in).
[2022.02.07-08.38.54:785][  0]LogAudioMixer: Display: Initializing audio mixer.
[2022.02.07-08.38.56:433][  0]LogAudioMixer: Display: 0: FrontLeft
[2022.02.07-08.38.56:433][  0]LogAudioMixer: Display: 1: FrontRight
[2022.02.07-08.38.56:672][  0]LogAudioMixer: Display: Using Audio Device Speakers (USB PnP Sound Device)
[2022.02.07-08.38.56:673][  0]LogAudioMixer: Display: Initializing Sound Submixes...
[2022.02.07-08.38.56:676][  0]LogAudioMixer: Display: Creating Master Submix 'MasterSubmixDefault'
[2022.02.07-08.38.56:676][  0]LogAudioMixer: Display: Creating Master Submix 'MasterReverbSubmixDefault'
[2022.02.07-08.38.56:677][  0]LogAudioMixer: Display: Creating Master Submix 'MasterEQSubmixDefault'
[2022.02.07-08.38.56:679][  0]LogAudioMixer: FMixerPlatformXAudio2::StartAudioStream() called
[2022.02.07-08.38.56:679][  0]LogAudioMixer: Display: Output buffers initialized: Frames=1024, Channels=2, Samples=2048
[2022.02.07-08.38.56:705][  0]LogAudioMixer: Display: Starting AudioMixerPlatformInterface::RunInternal()
[2022.02.07-08.38.56:705][  0]LogAudioMixer: Display: FMixerPlatformXAudio2::SubmitBuffer() called for the first time
[2022.02.07-08.38.56:705][  0]LogInit: FAudioDevice initialized.
[2022.02.07-08.38.56:706][  0]LogAudio: Display: Audio Device (ID: 1) registered with world 'Untitled'.
[2022.02.07-08.38.56:706][  0]LogNetVersion: Set ProjectVersion to 1.0.0.0. Version Checksum will be recalculated on next use.
[2022.02.07-08.38.56:772][  0]LogDerivedDataCache: Saved boot cache 0.07s 122MB C:/Users/mario/AppData/Local/UnrealEngine/4.27/DerivedDataCache/Boot.ddc.
[2022.02.07-08.38.56:778][  0]LogInit: Texture streaming: Enabled
[2022.02.07-08.38.56:806][  0]LogAnalytics: Display: [UEEditor.Rocket.Release] APIServer = https://datarouter.ol.epicgames.com/. AppVersion = 4.27.2-18319896+++UE4+Release-4.27
[2022.02.07-08.38.56:816][  0]LogEngineSessionManager: EngineSessionManager initialized
[2022.02.07-08.38.56:816][  0]LogEditorSessionSummary: Verbose: Initializing EditorSessionSummaryWriter for editor session tracking
[2022.02.07-08.38.56:822][  0]LogEditorSessionSummary: EditorSessionSummaryWriter initialized
[2022.02.07-08.38.56:864][  0]LogInit: Transaction tracking system initialized
[2022.02.07-08.38.56:919][  0]BlueprintLog: New page: Editor Load
[2022.02.07-08.38.57:061][  0]LocalizationService: Localization service is disabled
[2022.02.07-08.38.57:105][  0]TimingProfiler: Initialize
[2022.02.07-08.38.57:105][  0]TimingProfiler: OnSessionChanged
[2022.02.07-08.38.57:105][  0]LoadingProfiler: Initialize
[2022.02.07-08.38.57:105][  0]LoadingProfiler: OnSessionChanged
[2022.02.07-08.38.57:105][  0]NetworkingProfiler: Initialize
[2022.02.07-08.38.57:105][  0]NetworkingProfiler: OnSessionChanged
[2022.02.07-08.38.57:105][  0]MemoryProfiler: Initialize
[2022.02.07-08.38.57:105][  0]MemoryProfiler: OnSessionChanged
[2022.02.07-08.38.57:297][  0]LogCook: Display: CookSettings for Memory: MemoryMaxUsedVirtual 0MiB, MemoryMaxUsedPhysical 16384MiB, MemoryMinFreeVirtual 0MiB, MemoryMinFreePhysical 1024MiB
[2022.02.07-08.38.57:297][  0]LogCook: Display: Mobile HDR setting 0
[2022.02.07-08.38.57:507][  0]LogFileCache: Scanning file cache for directory 'C:/Users/mario/Documents/GitHub/CastVR/Content/' took 0.00s
[2022.02.07-08.38.57:507][  0]LogInit: Display: Engine is initialized. Leaving FEngineLoop::Init()
[2022.02.07-08.38.57:511][  0]SourceControl: Source control is disabled
[2022.02.07-08.38.57:512][  0]LogUnrealEdMisc: Loading editor; pre map load, took 9.968
[2022.02.07-08.38.57:512][  0]Cmd: MAP LOAD FILE="C:/Users/mario/Documents/GitHub/CastVR/Content/VRTemplate/Maps/VRTemplateMap.umap" TEMPLATE=0 SHOWPROGRESS=1 FEATURELEVEL=3
[2022.02.07-08.38.57:512][  0]LightingResults: New page: Lighting Build
[2022.02.07-08.38.57:514][  0]LogWorld: UWorld::CleanupWorld for Untitled, bSessionEnded=true, bCleanupResources=true
[2022.02.07-08.38.57:514][  0]LogSlate: InvalidateAllWidgets triggered.  All widgets were invalidated
[2022.02.07-08.38.57:514][  0]MapCheck: New page: Map Check
[2022.02.07-08.38.57:514][  0]LightingResults: New page: Lighting Build
[2022.02.07-08.38.57:518][  0]LogAudio: Display: Audio Device unregistered from world 'None'.
[2022.02.07-08.38.57:521][  0]LogUObjectHash: Compacting FUObjectHashTables data took   0.66ms
[2022.02.07-08.38.58:201][  0]LogAudio: Display: Audio Device (ID: 1) registered with world 'VRTemplateMap'.
[2022.02.07-08.38.58:201][  0]LogAIModule: Creating AISystem for world VRTemplateMap
[2022.02.07-08.38.58:206][  0]LogSlate: New Slate User Created.  User Index 8, Is Virtual User: 1
[2022.02.07-08.38.58:206][  0]LogSlate: Slate User Registered.  User Index 8, Is Virtual User: 1
[2022.02.07-08.38.58:221][  0]LogEditorServer: Finished looking for orphan Actors (0.000 secs)
[2022.02.07-08.38.58:231][  0]LogUObjectHash: Compacting FUObjectHashTables data took   1.01ms
[2022.02.07-08.38.58:231][  0]Cmd: MAP CHECKDEP NOCLEARLOG
[2022.02.07-08.38.58:231][  0]MapCheck: Map check complete: 0 Error(s), 0 Warning(s), took 0.151ms to complete.
[2022.02.07-08.38.58:231][  0]LogFileHelpers: Loading map 'VRTemplateMap' took 0.720
[2022.02.07-08.38.58:233][  0]LogUnrealEdMisc: Total Editor Startup Time, took 10.689
[2022.02.07-08.38.58:360][  0]LogSlate: Updating window title bar state: overlay mode, drag disabled, window buttons hidden, title bar hidden
[2022.02.07-08.38.58:366][  0]LogSlate: Updating window title bar state: overlay mode, drag disabled, window buttons hidden, title bar hidden
[2022.02.07-08.38.58:371][  0]LogSlate: Updating window title bar state: overlay mode, drag disabled, window buttons hidden, title bar hidden
[2022.02.07-08.38.58:376][  0]LogSlate: Updating window title bar state: overlay mode, drag disabled, window buttons hidden, title bar hidden
[2022.02.07-08.38.58:388][  0]LogNativeClassHierarchy: Verbose: Native class hierarchy populated in 0.0080 seconds. Added 3809 classes and 916 folders.
[2022.02.07-08.38.58:393][  0]LogNativeClassHierarchy: Verbose: Native class hierarchy updated for 'WidgetCarousel' in 0.0002 seconds. Added 0 classes and 0 folders.
[2022.02.07-08.38.58:395][  0]LogPakFile: PakFile PrimaryIndexSize=191
[2022.02.07-08.38.58:395][  0]LogPakFile: PakFile PathHashIndexSize=101
[2022.02.07-08.38.58:395][  0]LogPakFile: PakFile FullDirectoryIndexSize=160
[2022.02.07-08.38.58:395][  0]LogShaderLibrary: Display: ShaderCodeLibraryPakFileMountedCallback: PakFile 'E:/Unreal Engines/UE_4.27/FeaturePacks/MobileStarterContent.upack' (chunk index -1, root 'root:/') mounted
[2022.02.07-08.38.58:395][  0]LogShaderLibrary: Display: ShaderCodeLibraryPakFileMountedCallback: pending pak file info (ChunkID:-1 Root:root:/ File:E:/Unreal Engines/UE_4.27/FeaturePacks/MobileStarterContent.upack)
[2022.02.07-08.38.58:395][  0]LogPakFile: OnPakFileMounted2Time == 0.000052
[2022.02.07-08.38.58:396][  0]LogPakFile: PakFile PrimaryIndexSize=185
[2022.02.07-08.38.58:396][  0]LogPakFile: PakFile PathHashIndexSize=101
[2022.02.07-08.38.58:396][  0]LogPakFile: PakFile FullDirectoryIndexSize=148
[2022.02.07-08.38.58:396][  0]LogShaderLibrary: Display: ShaderCodeLibraryPakFileMountedCallback: PakFile 'E:/Unreal Engines/UE_4.27/FeaturePacks/StarterContent.upack' (chunk index -1, root 'root:/') mounted
[2022.02.07-08.38.58:396][  0]LogShaderLibrary: Display: ShaderCodeLibraryPakFileMountedCallback: pending pak file info (ChunkID:-1 Root:root:/ File:E:/Unreal Engines/UE_4.27/FeaturePacks/StarterContent.upack)
[2022.02.07-08.38.58:396][  0]LogPakFile: OnPakFileMounted2Time == 0.000038
[2022.02.07-08.38.58:397][  0]LogPakFile: PakFile PrimaryIndexSize=187
[2022.02.07-08.38.58:397][  0]LogPakFile: PakFile PathHashIndexSize=101
[2022.02.07-08.38.58:397][  0]LogPakFile: PakFile FullDirectoryIndexSize=148
[2022.02.07-08.38.58:397][  0]LogShaderLibrary: Display: ShaderCodeLibraryPakFileMountedCallback: PakFile 'E:/Unreal Engines/UE_4.27/FeaturePacks/FP_FirstPerson.upack' (chunk index -1, root 'root:/') mounted
[2022.02.07-08.38.58:397][  0]LogShaderLibrary: Display: ShaderCodeLibraryPakFileMountedCallback: pending pak file info (ChunkID:-1 Root:root:/ File:E:/Unreal Engines/UE_4.27/FeaturePacks/FP_FirstPerson.upack)
[2022.02.07-08.38.58:397][  0]LogPakFile: OnPakFileMounted2Time == 0.000034
[2022.02.07-08.38.58:398][  0]LogPakFile: PakFile PrimaryIndexSize=189
[2022.02.07-08.38.58:398][  0]LogPakFile: PakFile PathHashIndexSize=101
[2022.02.07-08.38.58:398][  0]LogPakFile: PakFile FullDirectoryIndexSize=152
[2022.02.07-08.38.58:398][  0]LogShaderLibrary: Display: ShaderCodeLibraryPakFileMountedCallback: PakFile 'E:/Unreal Engines/UE_4.27/FeaturePacks/FP_FirstPersonBP.upack' (chunk index -1, root 'root:/') mounted
[2022.02.07-08.38.58:398][  0]LogShaderLibrary: Display: ShaderCodeLibraryPakFileMountedCallback: pending pak file info (ChunkID:-1 Root:root:/ File:E:/Unreal Engines/UE_4.27/FeaturePacks/FP_FirstPersonBP.upack)
[2022.02.07-08.38.58:398][  0]LogPakFile: OnPakFileMounted2Time == 0.000036
[2022.02.07-08.38.58:398][  0]LogPakFile: PakFile PrimaryIndexSize=190
[2022.02.07-08.38.58:398][  0]LogPakFile: PakFile PathHashIndexSize=101
[2022.02.07-08.38.58:398][  0]LogPakFile: PakFile FullDirectoryIndexSize=154
[2022.02.07-08.38.58:398][  0]LogShaderLibrary: Display: ShaderCodeLibraryPakFileMountedCallback: PakFile 'E:/Unreal Engines/UE_4.27/FeaturePacks/TP_2DSideScroller.upack' (chunk index -1, root 'root:/') mounted
[2022.02.07-08.38.58:398][  0]LogShaderLibrary: Display: ShaderCodeLibraryPakFileMountedCallback: pending pak file info (ChunkID:-1 Root:root:/ File:E:/Unreal Engines/UE_4.27/FeaturePacks/TP_2DSideScroller.upack)
[2022.02.07-08.38.58:398][  0]LogPakFile: OnPakFileMounted2Time == 0.000035
[2022.02.07-08.38.58:399][  0]LogPakFile: PakFile PrimaryIndexSize=192
[2022.02.07-08.38.58:399][  0]LogPakFile: PakFile PathHashIndexSize=101
[2022.02.07-08.38.58:399][  0]LogPakFile: PakFile FullDirectoryIndexSize=158
[2022.02.07-08.38.58:399][  0]LogShaderLibrary: Display: ShaderCodeLibraryPakFileMountedCallback: PakFile 'E:/Unreal Engines/UE_4.27/FeaturePacks/TP_2DSideScrollerBP.upack' (chunk index -1, root 'root:/') mounted
[2022.02.07-08.38.58:399][  0]LogShaderLibrary: Display: ShaderCodeLibraryPakFileMountedCallback: pending pak file info (ChunkID:-1 Root:root:/ File:E:/Unreal Engines/UE_4.27/FeaturePacks/TP_2DSideScrollerBP.upack)
[2022.02.07-08.38.58:399][  0]LogPakFile: OnPakFileMounted2Time == 0.000035
[2022.02.07-08.38.58:400][  0]LogPakFile: PakFile PrimaryIndexSize=182
[2022.02.07-08.38.58:400][  0]LogPakFile: PakFile PathHashIndexSize=101
[2022.02.07-08.38.58:400][  0]LogPakFile: PakFile FullDirectoryIndexSize=138
[2022.02.07-08.38.58:400][  0]LogShaderLibrary: Display: ShaderCodeLibraryPakFileMountedCallback: PakFile 'E:/Unreal Engines/UE_4.27/FeaturePacks/TP_Flying.upack' (chunk index -1, root 'root:/') mounted
[2022.02.07-08.38.58:400][  0]LogShaderLibrary: Display: ShaderCodeLibraryPakFileMountedCallback: pending pak file info (ChunkID:-1 Root:root:/ File:E:/Unreal Engines/UE_4.27/FeaturePacks/TP_Flying.upack)
[2022.02.07-08.38.58:400][  0]LogPakFile: OnPakFileMounted2Time == 0.000034
[2022.02.07-08.38.58:401][  0]LogPakFile: PakFile PrimaryIndexSize=184
[2022.02.07-08.38.58:401][  0]LogPakFile: PakFile PathHashIndexSize=101
[2022.02.07-08.38.58:401][  0]LogPakFile: PakFile FullDirectoryIndexSize=142
[2022.02.07-08.38.58:401][  0]LogShaderLibrary: Display: ShaderCodeLibraryPakFileMountedCallback: PakFile 'E:/Unreal Engines/UE_4.27/FeaturePacks/TP_FlyingBP.upack' (chunk index -1, root 'root:/') mounted
[2022.02.07-08.38.58:401][  0]LogShaderLibrary: Display: ShaderCodeLibraryPakFileMountedCallback: pending pak file info (ChunkID:-1 Root:root:/ File:E:/Unreal Engines/UE_4.27/FeaturePacks/TP_FlyingBP.upack)
[2022.02.07-08.38.58:401][  0]LogPakFile: OnPakFileMounted2Time == 0.000034
[2022.02.07-08.38.58:401][  0]LogPakFile: PakFile PrimaryIndexSize=188
[2022.02.07-08.38.58:402][  0]LogPakFile: PakFile PathHashIndexSize=101
[2022.02.07-08.38.58:402][  0]LogPakFile: PakFile FullDirectoryIndexSize=150
[2022.02.07-08.38.58:402][  0]LogShaderLibrary: Display: ShaderCodeLibraryPakFileMountedCallback: PakFile 'E:/Unreal Engines/UE_4.27/FeaturePacks/TP_HandheldARBP.upack' (chunk index -1, root 'root:/') mounted
[2022.02.07-08.38.58:402][  0]LogShaderLibrary: Display: ShaderCodeLibraryPakFileMountedCallback: pending pak file info (ChunkID:-1 Root:root:/ File:E:/Unreal Engines/UE_4.27/FeaturePacks/TP_HandheldARBP.upack)
[2022.02.07-08.38.58:402][  0]LogPakFile: OnPakFileMounted2Time == 0.000034
[2022.02.07-08.38.58:402][  0]LogPakFile: PakFile PrimaryIndexSize=182
[2022.02.07-08.38.58:402][  0]LogPakFile: PakFile PathHashIndexSize=101
[2022.02.07-08.38.58:402][  0]LogPakFile: PakFile FullDirectoryIndexSize=138
[2022.02.07-08.38.58:402][  0]LogShaderLibrary: Display: ShaderCodeLibraryPakFileMountedCallback: PakFile 'E:/Unreal Engines/UE_4.27/FeaturePacks/TP_Puzzle.upack' (chunk index -1, root 'root:/') mounted
[2022.02.07-08.38.58:402][  0]LogShaderLibrary: Display: ShaderCodeLibraryPakFileMountedCallback: pending pak file info (ChunkID:-1 Root:root:/ File:E:/Unreal Engines/UE_4.27/FeaturePacks/TP_Puzzle.upack)
[2022.02.07-08.38.58:403][  0]LogPakFile: OnPakFileMounted2Time == 0.000041
[2022.02.07-08.38.58:403][  0]LogPakFile: PakFile PrimaryIndexSize=184
[2022.02.07-08.38.58:403][  0]LogPakFile: PakFile PathHashIndexSize=101
[2022.02.07-08.38.58:403][  0]LogPakFile: PakFile FullDirectoryIndexSize=142
[2022.02.07-08.38.58:403][  0]LogShaderLibrary: Display: ShaderCodeLibraryPakFileMountedCallback: PakFile 'E:/Unreal Engines/UE_4.27/FeaturePacks/TP_PuzzleBP.upack' (chunk index -1, root 'root:/') mounted
[2022.02.07-08.38.58:403][  0]LogShaderLibrary: Display: ShaderCodeLibraryPakFileMountedCallback: pending pak file info (ChunkID:-1 Root:root:/ File:E:/Unreal Engines/UE_4.27/FeaturePacks/TP_PuzzleBP.upack)
[2022.02.07-08.38.58:403][  0]LogPakFile: OnPakFileMounted2Time == 0.000034
[2022.02.07-08.38.58:404][  0]LogPakFile: PakFile PrimaryIndexSize=183
[2022.02.07-08.38.58:404][  0]LogPakFile: PakFile PathHashIndexSize=101
[2022.02.07-08.38.58:404][  0]LogPakFile: PakFile FullDirectoryIndexSize=140
[2022.02.07-08.38.58:404][  0]LogShaderLibrary: Display: ShaderCodeLibraryPakFileMountedCallback: PakFile 'E:/Unreal Engines/UE_4.27/FeaturePacks/TP_Rolling.upack' (chunk index -1, root 'root:/') mounted
[2022.02.07-08.38.58:404][  0]LogShaderLibrary: Display: ShaderCodeLibraryPakFileMountedCallback: pending pak file info (ChunkID:-1 Root:root:/ File:E:/Unreal Engines/UE_4.27/FeaturePacks/TP_Rolling.upack)
[2022.02.07-08.38.58:404][  0]LogPakFile: OnPakFileMounted2Time == 0.000033
[2022.02.07-08.38.58:405][  0]LogPakFile: PakFile PrimaryIndexSize=185
[2022.02.07-08.38.58:405][  0]LogPakFile: PakFile PathHashIndexSize=101
[2022.02.07-08.38.58:405][  0]LogPakFile: PakFile FullDirectoryIndexSize=144
[2022.02.07-08.38.58:405][  0]LogShaderLibrary: Display: ShaderCodeLibraryPakFileMountedCallback: PakFile 'E:/Unreal Engines/UE_4.27/FeaturePacks/TP_RollingBP.upack' (chunk index -1, root 'root:/') mounted
[2022.02.07-08.38.58:405][  0]LogShaderLibrary: Display: ShaderCodeLibraryPakFileMountedCallback: pending pak file info (ChunkID:-1 Root:root:/ File:E:/Unreal Engines/UE_4.27/FeaturePacks/TP_RollingBP.upack)
[2022.02.07-08.38.58:405][  0]LogPakFile: OnPakFileMounted2Time == 0.000034
[2022.02.07-08.38.58:406][  0]LogPakFile: PakFile PrimaryIndexSize=188
[2022.02.07-08.38.58:406][  0]LogPakFile: PakFile PathHashIndexSize=101
[2022.02.07-08.38.58:406][  0]LogPakFile: PakFile FullDirectoryIndexSize=150
[2022.02.07-08.38.58:406][  0]LogShaderLibrary: Display: ShaderCodeLibraryPakFileMountedCallback: PakFile 'E:/Unreal Engines/UE_4.27/FeaturePacks/TP_SideScroller.upack' (chunk index -1, root 'root:/') mounted
[2022.02.07-08.38.58:406][  0]LogShaderLibrary: Display: ShaderCodeLibraryPakFileMountedCallback: pending pak file info (ChunkID:-1 Root:root:/ File:E:/Unreal Engines/UE_4.27/FeaturePacks/TP_SideScroller.upack)
[2022.02.07-08.38.58:406][  0]LogPakFile: OnPakFileMounted2Time == 0.000034
[2022.02.07-08.38.58:406][  0]LogPakFile: PakFile PrimaryIndexSize=190
[2022.02.07-08.38.58:406][  0]LogPakFile: PakFile PathHashIndexSize=101
[2022.02.07-08.38.58:406][  0]LogPakFile: PakFile FullDirectoryIndexSize=154
[2022.02.07-08.38.58:406][  0]LogShaderLibrary: Display: ShaderCodeLibraryPakFileMountedCallback: PakFile 'E:/Unreal Engines/UE_4.27/FeaturePacks/TP_SideScrollerBP.upack' (chunk index -1, root 'root:/') mounted
[2022.02.07-08.38.58:406][  0]LogShaderLibrary: Display: ShaderCodeLibraryPakFileMountedCallback: pending pak file info (ChunkID:-1 Root:root:/ File:E:/Unreal Engines/UE_4.27/FeaturePacks/TP_SideScrollerBP.upack)
[2022.02.07-08.38.58:406][  0]LogPakFile: OnPakFileMounted2Time == 0.000034
[2022.02.07-08.38.58:407][  0]LogPakFile: PakFile PrimaryIndexSize=187
[2022.02.07-08.38.58:407][  0]LogPakFile: PakFile PathHashIndexSize=101
[2022.02.07-08.38.58:407][  0]LogPakFile: PakFile FullDirectoryIndexSize=148
[2022.02.07-08.38.58:407][  0]LogShaderLibrary: Display: ShaderCodeLibraryPakFileMountedCallback: PakFile 'E:/Unreal Engines/UE_4.27/FeaturePacks/TP_ThirdPerson.upack' (chunk index -1, root 'root:/') mounted
[2022.02.07-08.38.58:407][  0]LogShaderLibrary: Display: ShaderCodeLibraryPakFileMountedCallback: pending pak file info (ChunkID:-1 Root:root:/ File:E:/Unreal Engines/UE_4.27/FeaturePacks/TP_ThirdPerson.upack)
[2022.02.07-08.38.58:407][  0]LogPakFile: OnPakFileMounted2Time == 0.000035
[2022.02.07-08.38.58:408][  0]LogPakFile: PakFile PrimaryIndexSize=189
[2022.02.07-08.38.58:408][  0]LogPakFile: PakFile PathHashIndexSize=101
[2022.02.07-08.38.58:408][  0]LogPakFile: PakFile FullDirectoryIndexSize=152
[2022.02.07-08.38.58:408][  0]LogShaderLibrary: Display: ShaderCodeLibraryPakFileMountedCallback: PakFile 'E:/Unreal Engines/UE_4.27/FeaturePacks/TP_ThirdPersonBP.upack' (chunk index -1, root 'root:/') mounted
[2022.02.07-08.38.58:408][  0]LogShaderLibrary: Display: ShaderCodeLibraryPakFileMountedCallback: pending pak file info (ChunkID:-1 Root:root:/ File:E:/Unreal Engines/UE_4.27/FeaturePacks/TP_ThirdPersonBP.upack)
[2022.02.07-08.38.58:408][  0]LogPakFile: OnPakFileMounted2Time == 0.000034
[2022.02.07-08.38.58:409][  0]LogPakFile: PakFile PrimaryIndexSize=183
[2022.02.07-08.38.58:409][  0]LogPakFile: PakFile PathHashIndexSize=101
[2022.02.07-08.38.58:409][  0]LogPakFile: PakFile FullDirectoryIndexSize=140
[2022.02.07-08.38.58:409][  0]LogShaderLibrary: Display: ShaderCodeLibraryPakFileMountedCallback: PakFile 'E:/Unreal Engines/UE_4.27/FeaturePacks/TP_TopDown.upack' (chunk index -1, root 'root:/') mounted
[2022.02.07-08.38.58:409][  0]LogShaderLibrary: Display: ShaderCodeLibraryPakFileMountedCallback: pending pak file info (ChunkID:-1 Root:root:/ File:E:/Unreal Engines/UE_4.27/FeaturePacks/TP_TopDown.upack)
[2022.02.07-08.38.58:409][  0]LogPakFile: OnPakFileMounted2Time == 0.000040
[2022.02.07-08.38.58:410][  0]LogPakFile: PakFile PrimaryIndexSize=185
[2022.02.07-08.38.58:410][  0]LogPakFile: PakFile PathHashIndexSize=101
[2022.02.07-08.38.58:410][  0]LogPakFile: PakFile FullDirectoryIndexSize=144
[2022.02.07-08.38.58:410][  0]LogShaderLibrary: Display: ShaderCodeLibraryPakFileMountedCallback: PakFile 'E:/Unreal Engines/UE_4.27/FeaturePacks/TP_TopDownBP.upack' (chunk index -1, root 'root:/') mounted
[2022.02.07-08.38.58:410][  0]LogShaderLibrary: Display: ShaderCodeLibraryPakFileMountedCallback: pending pak file info (ChunkID:-1 Root:root:/ File:E:/Unreal Engines/UE_4.27/FeaturePacks/TP_TopDownBP.upack)
[2022.02.07-08.38.58:410][  0]LogPakFile: OnPakFileMounted2Time == 0.000037
[2022.02.07-08.38.58:410][  0]LogPakFile: PakFile PrimaryIndexSize=185
[2022.02.07-08.38.58:410][  0]LogPakFile: PakFile PathHashIndexSize=101
[2022.02.07-08.38.58:410][  0]LogPakFile: PakFile FullDirectoryIndexSize=144
[2022.02.07-08.38.58:410][  0]LogShaderLibrary: Display: ShaderCodeLibraryPakFileMountedCallback: PakFile 'E:/Unreal Engines/UE_4.27/FeaturePacks/TP_TwinStick.upack' (chunk index -1, root 'root:/') mounted
[2022.02.07-08.38.58:410][  0]LogShaderLibrary: Display: ShaderCodeLibraryPakFileMountedCallback: pending pak file info (ChunkID:-1 Root:root:/ File:E:/Unreal Engines/UE_4.27/FeaturePacks/TP_TwinStick.upack)
[2022.02.07-08.38.58:411][  0]LogPakFile: OnPakFileMounted2Time == 0.000046
[2022.02.07-08.38.58:411][  0]LogPakFile: PakFile PrimaryIndexSize=187
[2022.02.07-08.38.58:411][  0]LogPakFile: PakFile PathHashIndexSize=101
[2022.02.07-08.38.58:411][  0]LogPakFile: PakFile FullDirectoryIndexSize=148
[2022.02.07-08.38.58:411][  0]LogShaderLibrary: Display: ShaderCodeLibraryPakFileMountedCallback: PakFile 'E:/Unreal Engines/UE_4.27/FeaturePacks/TP_TwinStickBP.upack' (chunk index -1, root 'root:/') mounted
[2022.02.07-08.38.58:411][  0]LogShaderLibrary: Display: ShaderCodeLibraryPakFileMountedCallback: pending pak file info (ChunkID:-1 Root:root:/ File:E:/Unreal Engines/UE_4.27/FeaturePacks/TP_TwinStickBP.upack)
[2022.02.07-08.38.58:411][  0]LogPakFile: OnPakFileMounted2Time == 0.000036
[2022.02.07-08.38.58:412][  0]LogPakFile: PakFile PrimaryIndexSize=183
[2022.02.07-08.38.58:412][  0]LogPakFile: PakFile PathHashIndexSize=101
[2022.02.07-08.38.58:412][  0]LogPakFile: PakFile FullDirectoryIndexSize=140
[2022.02.07-08.38.58:412][  0]LogShaderLibrary: Display: ShaderCodeLibraryPakFileMountedCallback: PakFile 'E:/Unreal Engines/UE_4.27/FeaturePacks/TP_Vehicle.upack' (chunk index -1, root 'root:/') mounted
[2022.02.07-08.38.58:412][  0]LogShaderLibrary: Display: ShaderCodeLibraryPakFileMountedCallback: pending pak file info (ChunkID:-1 Root:root:/ File:E:/Unreal Engines/UE_4.27/FeaturePacks/TP_Vehicle.upack)
[2022.02.07-08.38.58:412][  0]LogPakFile: OnPakFileMounted2Time == 0.000033
[2022.02.07-08.38.58:413][  0]LogPakFile: PakFile PrimaryIndexSize=186
[2022.02.07-08.38.58:413][  0]LogPakFile: PakFile PathHashIndexSize=101
[2022.02.07-08.38.58:413][  0]LogPakFile: PakFile FullDirectoryIndexSize=146
[2022.02.07-08.38.58:413][  0]LogShaderLibrary: Display: ShaderCodeLibraryPakFileMountedCallback: PakFile 'E:/Unreal Engines/UE_4.27/FeaturePacks/TP_VehicleAdv.upack' (chunk index -1, root 'root:/') mounted
[2022.02.07-08.38.58:413][  0]LogShaderLibrary: Display: ShaderCodeLibraryPakFileMountedCallback: pending pak file info (ChunkID:-1 Root:root:/ File:E:/Unreal Engines/UE_4.27/FeaturePacks/TP_VehicleAdv.upack)
[2022.02.07-08.38.58:413][  0]LogPakFile: OnPakFileMounted2Time == 0.000036
[2022.02.07-08.38.58:414][  0]LogPakFile: PakFile PrimaryIndexSize=188
[2022.02.07-08.38.58:414][  0]LogPakFile: PakFile PathHashIndexSize=101
[2022.02.07-08.38.58:414][  0]LogPakFile: PakFile FullDirectoryIndexSize=150
[2022.02.07-08.38.58:414][  0]LogShaderLibrary: Display: ShaderCodeLibraryPakFileMountedCallback: PakFile 'E:/Unreal Engines/UE_4.27/FeaturePacks/TP_VehicleAdvBP.upack' (chunk index -1, root 'root:/') mounted
[2022.02.07-08.38.58:414][  0]LogShaderLibrary: Display: ShaderCodeLibraryPakFileMountedCallback: pending pak file info (ChunkID:-1 Root:root:/ File:E:/Unreal Engines/UE_4.27/FeaturePacks/TP_VehicleAdvBP.upack)
[2022.02.07-08.38.58:414][  0]LogPakFile: OnPakFileMounted2Time == 0.000035
[2022.02.07-08.38.58:414][  0]LogPakFile: PakFile PrimaryIndexSize=185
[2022.02.07-08.38.58:415][  0]LogPakFile: PakFile PathHashIndexSize=101
[2022.02.07-08.38.58:415][  0]LogPakFile: PakFile FullDirectoryIndexSize=144
[2022.02.07-08.38.58:415][  0]LogShaderLibrary: Display: ShaderCodeLibraryPakFileMountedCallback: PakFile 'E:/Unreal Engines/UE_4.27/FeaturePacks/TP_VehicleBP.upack' (chunk index -1, root 'root:/') mounted
[2022.02.07-08.38.58:415][  0]LogShaderLibrary: Display: ShaderCodeLibraryPakFileMountedCallback: pending pak file info (ChunkID:-1 Root:root:/ File:E:/Unreal Engines/UE_4.27/FeaturePacks/TP_VehicleBP.upack)
[2022.02.07-08.38.58:415][  0]LogPakFile: OnPakFileMounted2Time == 0.000034
[2022.02.07-08.38.58:415][  0]LogPakFile: PakFile PrimaryIndexSize=192
[2022.02.07-08.38.58:415][  0]LogPakFile: PakFile PathHashIndexSize=101
[2022.02.07-08.38.58:415][  0]LogPakFile: PakFile FullDirectoryIndexSize=158
[2022.02.07-08.38.58:415][  0]LogShaderLibrary: Display: ShaderCodeLibraryPakFileMountedCallback: PakFile 'E:/Unreal Engines/UE_4.27/FeaturePacks/TP_VirtualRealityBP.upack' (chunk index -1, root 'root:/') mounted
[2022.02.07-08.38.58:415][  0]LogShaderLibrary: Display: ShaderCodeLibraryPakFileMountedCallback: pending pak file info (ChunkID:-1 Root:root:/ File:E:/Unreal Engines/UE_4.27/FeaturePacks/TP_VirtualRealityBP.upack)
[2022.02.07-08.38.58:415][  0]LogPakFile: OnPakFileMounted2Time == 0.000034
[2022.02.07-08.38.58:485][  0]LogNativeClassHierarchy: Verbose: Native class hierarchy updated for 'AddContentDialog' in 0.0003 seconds. Added 0 classes and 0 folders.
[2022.02.07-08.38.58:486][  0]LogNativeClassHierarchy: Verbose: Native class hierarchy updated for 'SceneOutliner' in 0.0002 seconds. Added 2 classes and 0 folders.
[2022.02.07-08.38.58:825][  0]LogSlate: Only BGRA pngs, bmps or icos are supported in by External Image Picker
[2022.02.07-08.38.58:984][  0]LogSlate: Took 0.000238 seconds to synchronously load lazily loaded font '../../../Engine/Content/Slate/Fonts/Roboto-Regular.ttf' (155K)
[2022.02.07-08.38.58:985][  0]LogSlate: Took 0.000149 seconds to synchronously load lazily loaded font '../../../Engine/Content/Editor/Slate/Fonts/FontAwesome.ttf' (139K)
[2022.02.07-08.38.58:986][  0]LogSlate: Took 0.000213 seconds to synchronously load lazily loaded font '../../../Engine/Content/Slate/Fonts/Roboto-Bold.ttf' (160K)
[2022.02.07-08.38.59:066][  0]LogRenderer: Reallocating scene render targets to support 1920x1080 Format 10 NumSamples 1 (Frame:1).
[2022.02.07-08.38.59:169][  0]LogNativeClassHierarchy: Verbose: Native class hierarchy updated for 'HierarchicalLODOutliner' in 0.0005 seconds. Added 0 classes and 0 folders.
[2022.02.07-08.38.59:169][  0]LogLoad: (Engine Initialization) Total time: 11.63 seconds
[2022.02.07-08.38.59:169][  0]LogLoad: (Engine Initialization) Total Blueprint compile time: 0.00 seconds
[2022.02.07-08.38.59:347][  0]LogAssetRegistry: Asset discovery search completed in 7.3602 seconds
[2022.02.07-08.38.59:352][  0]LogCollectionManager: Fixed up redirectors for 0 collections in 0.000003 seconds (updated 0 objects)
[2022.02.07-08.38.59:354][  0]LogContentStreaming: Texture pool size now 1000 MB
[2022.02.07-08.38.59:551][  1]LogResonanceAudio: Display: Resonance Audio Listener is initialized
[2022.02.07-08.38.59:870][  2]LogSlate: Took 0.000221 seconds to synchronously load lazily loaded font '../../../Engine/Content/Slate/Fonts/Roboto-Light.ttf' (167K)
[2022.02.07-08.39.00:543][  4]LogSlate: Took 0.000211 seconds to synchronously load lazily loaded font '../../../Engine/Content/Slate/Fonts/Roboto-Light.ttf' (167K)
